<?xml version="1.0" encoding="UTF-8"?><TestSessionContainer xmlns="http://www.codecover.org/xml/testsession-container" Date="1489080026759" TestSessionContainerId="d4aacb04-ccb6-4649-be93-4a9b96364f13" version="1.0">
<SrcFileList>
<SrcFile Content="package org.jfree.data;&#13;&#10;&#13;&#10;import static org.junit.Assert.*;&#13;&#10;&#13;&#10;import org.jfree.data.Range;&#13;&#10;import org.junit.After;&#13;&#10;import org.junit.Before;&#13;&#10;import org.junit.Test;&#13;&#10;&#13;&#10;import java.lang.Double;&#13;&#10;&#13;&#10;public class RangeTest {&#13;&#10;&#13;&#10;&#9;private Range rangeObject;&#13;&#10;&#9;private double maxValDouble = Double.MAX_VALUE;&#13;&#10;&#9;private double minValDouble = Double.MIN_VALUE;&#13;&#10;&#9;&#13;&#10;&#9;@Before&#13;&#10;&#9;public void setUp() throws Exception {&#13;&#10;&#9;&#9;rangeObject = new Range(-100, 100);&#13;&#10;&#9;}&#13;&#10;&#13;&#10;&#9;@After&#13;&#10;&#9;public void tearDown() throws Exception {&#13;&#10;&#9;&#9;rangeObject = null;&#13;&#10;&#9;}&#13;&#10;&#13;&#10;&#9;/*&#13;&#10;&#9; * GETCENTRALVALUE()&#13;&#10;&#9; */&#13;&#10;&#9;&#13;&#10;&#9;@Test&#13;&#10;&#9;public void getCentralValueNominalTest() {&#13;&#10;&#9;&#9;double centralResult = rangeObject.getCentralValue();&#13;&#10;&#9;&#9;assertEquals(0, centralResult, 0);&#9;&#9;&#13;&#10;&#9;}&#13;&#10;&#9;&#13;&#10;&#9;@Test&#13;&#10;&#9;public void getCentralValueNoRangeTest() {&#13;&#10;&#9;&#9;rangeObject = new Range(-1,-1);&#13;&#10;&#9;&#9;double centralResult = rangeObject.getCentralValue();&#13;&#10;&#9;&#9;assertEquals(-1, centralResult, 0);&#9;&#9;&#13;&#10;&#9;}&#13;&#10;&#9;&#13;&#10;&#9;@Test&#13;&#10;&#9;public void getCentralValueMaximumTest() {&#13;&#10;&#9;&#9;rangeObject = new Range(0, maxValDouble);&#13;&#10;&#9;&#9;assertEquals(maxValDouble/2, rangeObject.getCentralValue(), 0);&#13;&#10;&#9;}&#13;&#10;&#9;&#13;&#10;&#9;@Test&#13;&#10;&#9;public void getCentralValueMinimumTest() {&#13;&#10;&#9;&#9;rangeObject = new Range(minValDouble, 0);&#13;&#10;&#9;&#9;assertEquals(minValDouble/2, rangeObject.getCentralValue(), 0);&#13;&#10;&#9;}&#13;&#10;&#9;&#13;&#10;&#9;@Test&#13;&#10;&#9;public void getCentralValueMaximumRangeTest() {&#13;&#10;&#9;&#9;double middleValue = (maxValDouble + minValDouble) / 2;&#13;&#10;&#9;&#9;rangeObject = new Range(minValDouble, maxValDouble);&#13;&#10;&#9;&#9;assertEquals(middleValue, rangeObject.getCentralValue(), 0);&#13;&#10;&#9;}&#13;&#10;&#9;&#13;&#10;&#9;/*&#13;&#10;&#9; * CONTAINS()&#13;&#10;&#9; */&#13;&#10;&#9;&#13;&#10;&#9;@Test&#13;&#10;&#9;public void ContainsNominalTest(){&#13;&#10;&#9;&#9;boolean isContained = rangeObject.contains(3);&#13;&#10;&#9;&#9;assertEquals(true, isContained);&#13;&#10;&#9;}&#13;&#10;&#9;&#13;&#10;&#9;@Test&#13;&#10;&#9;public void DoesNotContainNominalTest(){&#13;&#10;&#9;&#9;boolean isContained = rangeObject.contains(101);&#13;&#10;&#9;&#9;assertEquals(false, isContained);&#13;&#10;&#9;}&#13;&#10;&#9;&#13;&#10;&#9;@Test&#13;&#10;&#9;public void ContainsMaximumTest(){&#13;&#10;&#9;&#9;rangeObject = new Range(0, maxValDouble);&#13;&#10;&#9;&#9;assertEquals(true, rangeObject.contains(maxValDouble));&#13;&#10;&#9;}&#13;&#10;&#9;&#13;&#10;&#9;@Test&#13;&#10;&#9;public void DoesNotContainMaximumTest(){&#13;&#10;&#9;&#9;rangeObject = new Range(0, maxValDouble);&#13;&#10;&#9;&#9;assertEquals(false, rangeObject.contains(-1));&#13;&#10;&#9;}&#13;&#10;&#9;&#13;&#10;&#9;@Test&#13;&#10;&#9;public void ContainsMinimumTest(){&#13;&#10;&#9;&#9;rangeObject = new Range(minValDouble, 0);&#13;&#10;&#9;&#9;assertEquals(true, rangeObject.contains(minValDouble));&#13;&#10;&#9;}&#13;&#10;&#9;&#13;&#10;&#9;@Test&#13;&#10;&#9;public void DoesNotContainMinimumTest(){&#13;&#10;&#9;&#9;rangeObject = new Range(minValDouble, 0);&#13;&#10;&#9;&#9;assertEquals(false, rangeObject.contains(1));&#13;&#10;&#9;}&#13;&#10;&#9;&#13;&#10;&#9;/*&#13;&#10;&#9; * EQUALS()&#13;&#10;&#9; */&#13;&#10;&#13;&#10;&#9;@Test&#13;&#10;&#9;public void EqualsNominalTest(){&#13;&#10;&#9;&#9;Range rangeObjectTwo = new Range(-100, 100);&#13;&#10;&#9;&#9;assertEquals(true, rangeObject.equals(rangeObjectTwo));&#13;&#10;&#9;}&#13;&#10;&#9;&#13;&#10;&#9;@Test&#13;&#10;&#9;public void DoesNotEqualNominalTestLower(){&#13;&#10;&#9;&#9;Range rangeObjectTwo = new Range(-101, 100);&#13;&#10;&#9;&#9;assertEquals(false, rangeObject.equals(rangeObjectTwo));&#13;&#10;&#9;}&#13;&#10;&#9;&#13;&#10;&#9;@Test&#13;&#10;&#9;public void DoesNotEqualNominalTestUpper(){&#13;&#10;&#9;&#9;Range rangeObjectTwo = new Range(-100, 101);&#13;&#10;&#9;&#9;assertEquals(false, rangeObject.equals(rangeObjectTwo));&#13;&#10;&#9;}&#13;&#10;&#9;&#13;&#10;&#9;@Test&#13;&#10;&#9;public void EqualsMaximumTest(){&#13;&#10;&#9;&#9;rangeObject = new Range(minValDouble, maxValDouble);&#13;&#10;&#9;&#9;Range rangeObjectTwo = new Range(minValDouble, maxValDouble);&#13;&#10;&#9;&#9;assertEquals(true, rangeObject.equals(rangeObjectTwo));&#13;&#10;&#9;}&#13;&#10;&#9;&#13;&#10;&#9;@Test&#13;&#10;&#9;public void DoesNotEqualMaximumTest(){&#13;&#10;&#9;&#9;Range rangeObjectTwo = new Range(minValDouble, maxValDouble);&#13;&#10;&#9;&#9;assertEquals(false, rangeObject.equals(rangeObjectTwo));&#13;&#10;&#9;}&#13;&#10;&#9;&#13;&#10;&#9;@Test&#13;&#10;&#9;public void EqualsMinimumTest(){&#13;&#10;&#9;&#9;rangeObject = new Range(0, 0);&#13;&#10;&#9;&#9;Range rangeObjectTwo = new Range(0, 0);&#13;&#10;&#9;&#9;assertEquals(true, rangeObject.equals(rangeObjectTwo));&#13;&#10;&#9;}&#13;&#10;&#9;&#13;&#10;&#9;/*&#13;&#10;&#9; * INTERSECTS()&#13;&#10;&#9; */&#13;&#10;&#9;&#13;&#10;&#9;@Test&#13;&#10;&#9;public void IntersectsNominalTrueTest(){&#13;&#10;&#9;&#9;assertEquals(true, rangeObject.intersects(-100, 100));&#13;&#10;&#9;}&#13;&#10;&#9;&#13;&#10;&#9;@Test&#13;&#10;&#9;public void IntersectsBottomTest(){&#13;&#10;&#9;&#9;assertEquals(true, rangeObject.intersects(-100, 0));&#13;&#10;&#9;}&#13;&#10;&#9;&#13;&#10;&#9;@Test&#13;&#10;&#9;public void IntersectsTopTest(){&#13;&#10;&#9;&#9;assertEquals(true, rangeObject.intersects(0, 99));&#13;&#10;&#9;}&#13;&#10;&#9;&#13;&#10;&#9;@Test&#13;&#10;&#9;public void IntersectsMinimumRangeTest(){&#13;&#10;&#9;&#9;rangeObject = new Range(0,0);&#9;&#13;&#10;&#9;&#9;assertEquals(true, rangeObject.intersects(0, 0));&#13;&#10;&#9;}&#13;&#10;&#9;&#13;&#10;&#9;@Test&#13;&#10;&#9;public void IntersectsMaximumRangeTest(){&#13;&#10;&#9;&#9;Range rangeObject = new Range(minValDouble, maxValDouble);&#13;&#10;&#9;&#9;assertEquals(true, rangeObject.intersects(minValDouble, maxValDouble));&#13;&#10;&#9;}&#13;&#10;&#9;&#13;&#10;&#9;/*&#13;&#10;&#9; * SHIFT()&#13;&#10;&#9; */&#13;&#10;&#9;&#13;&#10;&#9;@Test&#13;&#10;&#9;public void ShiftNominalTest(){&#13;&#10;&#9;&#9;double shiftValue = 5;&#13;&#10;&#9;&#9;Range rangeObjectTwo = new Range(-95, 105);&#13;&#10;&#9;&#9;&#13;&#10;&#9;&#9;Range rangeObjectShifted = Range.shift(rangeObject, shiftValue);&#13;&#10;&#9;&#9;&#13;&#10;&#9;&#9;assertEquals(true, rangeObjectTwo.equals(rangeObjectShifted));&#13;&#10;&#9;}&#13;&#10;&#9;&#13;&#10;&#9;@Test&#13;&#10;&#9;public void ShiftMinimumShiftTest(){&#13;&#10;&#9;&#9;double shiftValue = 0;&#13;&#10;&#9;&#9;rangeObject = new Range(0,0);&#13;&#10;&#9;&#9;Range rangeObjectTwo = new Range(0, 0);&#13;&#10;&#9;&#9;&#13;&#10;&#9;&#9;Range rangeObjectShifted = Range.shift(rangeObject, shiftValue);&#13;&#10;&#9;&#9;&#13;&#10;&#9;&#9;assertEquals(true, rangeObjectTwo.equals(rangeObjectShifted));&#13;&#10;&#9;}&#13;&#10;&#9;&#13;&#10;&#9;&#13;&#10;&#9;@Test&#13;&#10;&#9;public void ShiftMaximumShiftTest(){&#13;&#10;&#9;&#9;double shiftValue = maxValDouble;&#13;&#10;&#9;&#9;&#13;&#10;&#9;&#9;rangeObject = new Range(0,0);&#13;&#10;&#9;&#9;Range rangeObjectTwo = new Range(maxValDouble, maxValDouble);&#13;&#10;&#9;&#9;&#13;&#10;&#9;&#9;Range rangeObjectShifted = Range.shift(rangeObject, shiftValue);&#13;&#10;&#9;&#9;&#13;&#10;&#9;&#9;assertEquals(true, rangeObjectTwo.equals(rangeObjectShifted));&#13;&#10;&#9;}&#13;&#10;&#9;&#13;&#10;&#9;@Test&#13;&#10;&#9;public void ShiftNearMaximumShiftTest(){&#13;&#10;&#9;&#9;double shiftValue = maxValDouble -1;&#13;&#10;&#9;&#9;&#13;&#10;&#9;&#9;rangeObject = new Range(0,0);&#13;&#10;&#9;&#9;Range rangeObjectTwo = new Range(maxValDouble-1, maxValDouble-1);&#13;&#10;&#9;&#9;&#13;&#10;&#9;&#9;Range rangeObjectShifted = Range.shift(rangeObject, shiftValue);&#13;&#10;&#9;&#9;&#13;&#10;&#9;&#9;assertEquals(true, rangeObjectTwo.equals(rangeObjectShifted));&#13;&#10;&#9;}&#13;&#10;&#9;&#13;&#10;&#9;@Test&#13;&#10;&#9;public void ShiftNegativeShiftTest(){&#13;&#10;&#9;&#9;double shiftValue = -1;&#13;&#10;&#9;&#9;&#13;&#10;&#9;&#9;rangeObject = new Range(-100, 100);&#13;&#10;&#9;&#9;Range rangeObjectTwo = new Range(-101, 99);&#13;&#10;&#9;&#9;&#13;&#10;&#9;&#9;Range rangeObjectShifted = Range.shift(rangeObject, shiftValue);&#13;&#10;&#9;&#9;&#13;&#10;&#9;&#9;assertEquals(true, rangeObjectTwo.equals(rangeObjectShifted));&#13;&#10;&#9;}&#13;&#10;&#9;&#13;&#10;&#9;/*&#13;&#10;&#9; * For Code Coverage increase&#13;&#10;&#9; */&#13;&#10;&#9;&#13;&#10;&#9;&#13;&#10;&#9;@Test&#13;&#10;&#9;public void ExpandRangeTest(){&#13;&#10;&#13;&#10;&#9;&#9;rangeObject = new Range(2, 6);&#13;&#10;&#9;&#9;Range rangeObjectTwo = new Range(1, 8);&#13;&#10;&#9;&#9;&#13;&#10;&#9;&#9;Range rangeObjectExpanded = Range.expand(rangeObject, 0.25, 0.5);&#13;&#10;&#9;&#9;&#13;&#10;&#9;&#9;assertEquals(true, rangeObjectTwo.equals(rangeObjectExpanded));&#13;&#10;&#9;}&#13;&#10;&#9;&#13;&#10;&#9;@Test&#13;&#10;&#9;public void ExpandToIncludeRangeUpperTest(){&#13;&#10;&#9;&#9;double expandValue = 5;&#13;&#10;&#9;&#9;&#13;&#10;&#9;&#9;rangeObject = new Range(-100, 100);&#13;&#10;&#9;&#9;Range rangeObjectTwo = new Range(-100, 105);&#13;&#10;&#9;&#9;&#13;&#10;&#9;&#9;Range rangeObjectExpanded = Range.expandToInclude(rangeObject, expandValue);&#13;&#10;&#9;&#9;&#13;&#10;&#9;&#9;assertEquals(true, rangeObjectTwo.equals(rangeObjectExpanded));&#13;&#10;&#9;}&#13;&#10;&#9;&#13;&#10;&#9;@Test&#13;&#10;&#9;public void ExpandToIncludeRangeLowerTest(){&#13;&#10;&#9;&#9;double expandValue = -5;&#13;&#10;&#9;&#9;&#13;&#10;&#9;&#9;rangeObject = new Range(-100, 100);&#13;&#10;&#9;&#9;Range rangeObjectTwo = new Range(-105, 100);&#13;&#10;&#9;&#9;&#13;&#10;&#9;&#9;Range rangeObjectExpanded = Range.expandToInclude(rangeObject, expandValue);&#13;&#10;&#9;&#9;&#13;&#10;&#9;&#9;assertEquals(true, rangeObjectTwo.equals(rangeObjectExpanded));&#13;&#10;&#9;}&#13;&#10;&#9;&#13;&#10;&#9;@Test&#13;&#10;&#9;public void ExpandToIncludeRangeNullTest(){&#13;&#10;&#9;&#9;double expandValue = 5;&#13;&#10;&#9;&#9;&#13;&#10;&#9;&#9;rangeObject = null;&#13;&#10;&#9;&#9;Range rangeObjectTwo = new Range(5, 5);&#13;&#10;&#9;&#9;&#13;&#10;&#9;&#9;Range rangeObjectExpanded = Range.expandToInclude(rangeObject, expandValue);&#13;&#10;&#9;&#9;&#13;&#10;&#9;&#9;assertEquals(true, rangeObjectTwo.equals(rangeObjectExpanded));&#13;&#10;&#9;}&#13;&#10;&#9;&#13;&#10;&#9;@Test&#13;&#10;&#9;public void CombineTest(){&#13;&#10;&#13;&#10;&#9;&#9;rangeObject = new Range(-100, 100);&#13;&#10;&#9;&#9;Range rangeObjectTwo = new Range(-200, -99);&#13;&#10;&#9;&#9;&#13;&#10;&#9;&#9;Range rangeObjectCombined = Range.combine(rangeObject, rangeObjectTwo);&#13;&#10;&#9;&#9;&#13;&#10;&#9;&#9;Range comparedRangeObject = new Range(-200, 100);&#13;&#10;&#9;&#9;&#13;&#10;&#9;&#9;assertEquals(true, rangeObjectCombined.equals(comparedRangeObject));&#13;&#10;&#9;}&#13;&#10;&#9;&#13;&#10;&#9;@Test&#13;&#10;&#9;public void CombineNullOneTest(){&#13;&#10;&#13;&#10;&#9;&#9;rangeObject = null;&#13;&#10;&#9;&#9;Range rangeObjectTwo = new Range(-200, -99);&#13;&#10;&#9;&#9;&#13;&#10;&#9;&#9;Range rangeObjectCombined = Range.combine(rangeObject, rangeObjectTwo);&#13;&#10;&#9;&#9;&#13;&#10;&#9;&#9;assertEquals(true, rangeObjectCombined.equals(rangeObjectTwo));&#13;&#10;&#9;}&#13;&#10;&#9;&#13;&#10;&#9;@Test&#13;&#10;&#9;public void CombineNullTwoTest(){&#13;&#10;&#13;&#10;&#9;&#9;rangeObject = new Range(-100, 100);&#13;&#10;&#9;&#9;Range rangeObjectTwo = null;&#13;&#10;&#9;&#9;&#13;&#10;&#9;&#9;Range rangeObjectCombined = Range.combine(rangeObject, rangeObjectTwo);&#13;&#10;&#9;&#9;&#13;&#10;&#9;&#9;assertEquals(true, rangeObjectCombined.equals(rangeObject));&#13;&#10;&#9;}&#13;&#10;&#9;&#13;&#10;&#9;@Test&#13;&#10;&#9;public void ConstrainUpperTest(){&#13;&#10;&#13;&#10;&#9;&#9;rangeObject = new Range(-100, 100);&#13;&#10;&#9;&#9;double constrainValue = 102;&#13;&#10;&#9;&#9;&#13;&#10;&#9;&#9;double returnedConstrained = rangeObject.constrain(constrainValue);&#13;&#10;&#9;&#9;&#13;&#10;&#9;&#9;assertEquals(100, returnedConstrained, 0);&#13;&#10;&#9;}&#13;&#10;&#9;&#13;&#10;&#9;@Test&#13;&#10;&#9;public void ConstrainLowerTest(){&#13;&#10;&#13;&#10;&#9;&#9;rangeObject = new Range(-100, 100);&#13;&#10;&#9;&#9;double constrainValue = -102;&#13;&#10;&#9;&#9;&#13;&#10;&#9;&#9;double returnedConstrained = rangeObject.constrain(constrainValue);&#13;&#10;&#9;&#9;&#13;&#10;&#9;&#9;assertEquals(-100, returnedConstrained, 0);&#13;&#10;&#9;}&#13;&#10;&#9;&#13;&#10;&#9;@Test&#13;&#10;&#9;public void HashCodeTest(){&#13;&#10;&#9;&#9;rangeObject = new Range(-100, 100);&#13;&#10;&#13;&#10;        assertEquals(174981120, rangeObject.hashCode());&#13;&#10;&#9;}&#13;&#10;&#9;&#13;&#10;&#9;@Test&#13;&#10;&#9;public void ToStringTest(){&#13;&#10;&#9;&#9;rangeObject = new Range(-100,100);&#13;&#10;&#9;&#9;&#13;&#10;&#9;&#9;String rangeString = &quot;Range[-100,100]&quot;;&#13;&#10;&#9;&#9;&#13;&#10;&#9;&#9;assertEquals(true, rangeObject.toString().equals(rangeString));&#13;&#10;&#9;}&#13;&#10;&#9;&#13;&#10;&#9;@Test&#13;&#10;&#9;public void notEqualsTest(){&#13;&#10;&#9;&#9;rangeObject = new Range(-100,100);&#13;&#10;&#9;&#9;&#13;&#10;&#9;&#9;String rangeString = &quot;Range[-100,100]&quot;;&#13;&#10;&#9;&#9;&#13;&#10;&#9;&#9;assertEquals(false, rangeObject.equals(rangeString));&#13;&#10;&#9;}&#13;&#10;}&#13;&#10;" Filename="RangeTest.java" Intrnl_Id="1"/>
</SrcFileList>
<CritList>
<CritListEntry Name="org.codecover.model.utils.criteria.ConditionCoverage" PluginName="org.codecover"/>
<CritListEntry Name="org.codecover.model.utils.criteria.BranchCoverage" PluginName="org.codecover"/>
<CritListEntry Name="org.codecover.model.utils.criteria.StatementCoverage" PluginName="org.codecover"/>
</CritList>
<BoolOpList/>
<HierarchyLvlTypeList>
<HierarchyLvlType EnglishName="package" IntrnlName="package" Intrnl_Id="2"/>
<HierarchyLvlType EnglishName="method" IntrnlName="method" Intrnl_Id="3"/>
<HierarchyLvlType EnglishName="class" IntrnlName="class" Intrnl_Id="4"/>
<HierarchyLvlType EnglishName="default package" IntrnlName="default package" Intrnl_Id="5"/>
</HierarchyLvlTypeList>
<MASTRoot>
<HierarchyLvl HierarchyLvlId="2253" HierarchyLvlTypeId="5" Intrnl_Id="6" Name="default package">
<Header/>
<LocList/>
<HierarchyLvl HierarchyLvlId="2252" HierarchyLvlTypeId="2" Intrnl_Id="7" Name="org">
<Header/>
<LocList/>
<HierarchyLvl HierarchyLvlId="2251" HierarchyLvlTypeId="2" Intrnl_Id="8" Name="jfree">
<Header/>
<LocList/>
<HierarchyLvl HierarchyLvlId="2250" HierarchyLvlTypeId="2" Intrnl_Id="9" Name="data">
<Header/>
<LocList/>
<HierarchyLvl HierarchyLvlId="2249" HierarchyLvlTypeId="4" Intrnl_Id="10" Name="RangeTest">
<Header>
<Loc EndOffset="221" SrcFileId="1" StartOffset="199"/>
</Header>
<LocList>
<Loc EndOffset="9082" SrcFileId="1" StartOffset="199"/>
</LocList>
<StmntSeq Intrnl_Id="11">
<LocList>
<Loc EndOffset="304" SrcFileId="1" StartOffset="257"/>
<Loc EndOffset="354" SrcFileId="1" StartOffset="307"/>
</LocList>
<BasicStmnt CovItemId="S1" CovItemPrefix="org.jfree.data.RangeTest.java" Intrnl_Id="12">
<LocList>
<Loc EndOffset="304" SrcFileId="1" StartOffset="257"/>
</LocList>
</BasicStmnt>
<BasicStmnt CovItemId="S2" CovItemPrefix="org.jfree.data.RangeTest.java" Intrnl_Id="13">
<LocList>
<Loc EndOffset="354" SrcFileId="1" StartOffset="307"/>
</LocList>
</BasicStmnt>
</StmntSeq>
<HierarchyLvl HierarchyLvlId="2208" HierarchyLvlTypeId="3" Intrnl_Id="14" Name="setUp">
<Header>
<Loc EndOffset="406" SrcFileId="1" StartOffset="360"/>
</Header>
<LocList>
<Loc EndOffset="451" SrcFileId="1" StartOffset="360"/>
</LocList>
<StmntSeq Intrnl_Id="15">
<LocList>
<Loc EndOffset="447" SrcFileId="1" StartOffset="412"/>
</LocList>
<BasicStmnt CovItemId="S3" CovItemPrefix="org.jfree.data.RangeTest.java" Intrnl_Id="16">
<LocList>
<Loc EndOffset="447" SrcFileId="1" StartOffset="412"/>
</LocList>
</BasicStmnt>
</StmntSeq>
</HierarchyLvl>
<HierarchyLvl HierarchyLvlId="2209" HierarchyLvlTypeId="3" Intrnl_Id="17" Name="tearDown">
<Header>
<Loc EndOffset="504" SrcFileId="1" StartOffset="456"/>
</Header>
<LocList>
<Loc EndOffset="533" SrcFileId="1" StartOffset="456"/>
</LocList>
<StmntSeq Intrnl_Id="18">
<LocList>
<Loc EndOffset="529" SrcFileId="1" StartOffset="510"/>
</LocList>
<BasicStmnt CovItemId="S4" CovItemPrefix="org.jfree.data.RangeTest.java" Intrnl_Id="19">
<LocList>
<Loc EndOffset="529" SrcFileId="1" StartOffset="510"/>
</LocList>
</BasicStmnt>
</StmntSeq>
</HierarchyLvl>
<HierarchyLvl HierarchyLvlId="2210" HierarchyLvlTypeId="3" Intrnl_Id="20" Name="getCentralValueNominalTest">
<Header>
<Loc EndOffset="623" SrcFileId="1" StartOffset="575"/>
</Header>
<LocList>
<Loc EndOffset="726" SrcFileId="1" StartOffset="575"/>
</LocList>
<StmntSeq Intrnl_Id="21">
<LocList>
<Loc EndOffset="682" SrcFileId="1" StartOffset="629"/>
<Loc EndOffset="720" SrcFileId="1" StartOffset="686"/>
</LocList>
<BasicStmnt CovItemId="S5" CovItemPrefix="org.jfree.data.RangeTest.java" Intrnl_Id="22">
<LocList>
<Loc EndOffset="682" SrcFileId="1" StartOffset="629"/>
</LocList>
</BasicStmnt>
<BasicStmnt CovItemId="S6" CovItemPrefix="org.jfree.data.RangeTest.java" Intrnl_Id="23">
<LocList>
<Loc EndOffset="720" SrcFileId="1" StartOffset="686"/>
</LocList>
</BasicStmnt>
</StmntSeq>
</HierarchyLvl>
<HierarchyLvl HierarchyLvlId="2211" HierarchyLvlTypeId="3" Intrnl_Id="24" Name="getCentralValueNoRangeTest">
<Header>
<Loc EndOffset="780" SrcFileId="1" StartOffset="732"/>
</Header>
<LocList>
<Loc EndOffset="919" SrcFileId="1" StartOffset="732"/>
</LocList>
<StmntSeq Intrnl_Id="25">
<LocList>
<Loc EndOffset="817" SrcFileId="1" StartOffset="786"/>
<Loc EndOffset="874" SrcFileId="1" StartOffset="821"/>
<Loc EndOffset="913" SrcFileId="1" StartOffset="878"/>
</LocList>
<BasicStmnt CovItemId="S7" CovItemPrefix="org.jfree.data.RangeTest.java" Intrnl_Id="26">
<LocList>
<Loc EndOffset="817" SrcFileId="1" StartOffset="786"/>
</LocList>
</BasicStmnt>
<BasicStmnt CovItemId="S8" CovItemPrefix="org.jfree.data.RangeTest.java" Intrnl_Id="27">
<LocList>
<Loc EndOffset="874" SrcFileId="1" StartOffset="821"/>
</LocList>
</BasicStmnt>
<BasicStmnt CovItemId="S9" CovItemPrefix="org.jfree.data.RangeTest.java" Intrnl_Id="28">
<LocList>
<Loc EndOffset="913" SrcFileId="1" StartOffset="878"/>
</LocList>
</BasicStmnt>
</StmntSeq>
</HierarchyLvl>
<HierarchyLvl HierarchyLvlId="2212" HierarchyLvlTypeId="3" Intrnl_Id="29" Name="getCentralValueMaximumTest">
<Header>
<Loc EndOffset="973" SrcFileId="1" StartOffset="925"/>
</Header>
<LocList>
<Loc EndOffset="1091" SrcFileId="1" StartOffset="925"/>
</LocList>
<StmntSeq Intrnl_Id="30">
<LocList>
<Loc EndOffset="1020" SrcFileId="1" StartOffset="979"/>
<Loc EndOffset="1087" SrcFileId="1" StartOffset="1024"/>
</LocList>
<BasicStmnt CovItemId="S10" CovItemPrefix="org.jfree.data.RangeTest.java" Intrnl_Id="31">
<LocList>
<Loc EndOffset="1020" SrcFileId="1" StartOffset="979"/>
</LocList>
</BasicStmnt>
<BasicStmnt CovItemId="S11" CovItemPrefix="org.jfree.data.RangeTest.java" Intrnl_Id="32">
<LocList>
<Loc EndOffset="1087" SrcFileId="1" StartOffset="1024"/>
</LocList>
</BasicStmnt>
</StmntSeq>
</HierarchyLvl>
<HierarchyLvl HierarchyLvlId="2213" HierarchyLvlTypeId="3" Intrnl_Id="33" Name="getCentralValueMinimumTest">
<Header>
<Loc EndOffset="1145" SrcFileId="1" StartOffset="1097"/>
</Header>
<LocList>
<Loc EndOffset="1263" SrcFileId="1" StartOffset="1097"/>
</LocList>
<StmntSeq Intrnl_Id="34">
<LocList>
<Loc EndOffset="1192" SrcFileId="1" StartOffset="1151"/>
<Loc EndOffset="1259" SrcFileId="1" StartOffset="1196"/>
</LocList>
<BasicStmnt CovItemId="S12" CovItemPrefix="org.jfree.data.RangeTest.java" Intrnl_Id="35">
<LocList>
<Loc EndOffset="1192" SrcFileId="1" StartOffset="1151"/>
</LocList>
</BasicStmnt>
<BasicStmnt CovItemId="S13" CovItemPrefix="org.jfree.data.RangeTest.java" Intrnl_Id="36">
<LocList>
<Loc EndOffset="1259" SrcFileId="1" StartOffset="1196"/>
</LocList>
</BasicStmnt>
</StmntSeq>
</HierarchyLvl>
<HierarchyLvl HierarchyLvlId="2214" HierarchyLvlTypeId="3" Intrnl_Id="37" Name="getCentralValueMaximumRangeTest">
<Header>
<Loc EndOffset="1322" SrcFileId="1" StartOffset="1269"/>
</Header>
<LocList>
<Loc EndOffset="1507" SrcFileId="1" StartOffset="1269"/>
</LocList>
<StmntSeq Intrnl_Id="38">
<LocList>
<Loc EndOffset="1383" SrcFileId="1" StartOffset="1328"/>
<Loc EndOffset="1439" SrcFileId="1" StartOffset="1387"/>
<Loc EndOffset="1503" SrcFileId="1" StartOffset="1443"/>
</LocList>
<BasicStmnt CovItemId="S14" CovItemPrefix="org.jfree.data.RangeTest.java" Intrnl_Id="39">
<LocList>
<Loc EndOffset="1383" SrcFileId="1" StartOffset="1328"/>
</LocList>
</BasicStmnt>
<BasicStmnt CovItemId="S15" CovItemPrefix="org.jfree.data.RangeTest.java" Intrnl_Id="40">
<LocList>
<Loc EndOffset="1439" SrcFileId="1" StartOffset="1387"/>
</LocList>
</BasicStmnt>
<BasicStmnt CovItemId="S16" CovItemPrefix="org.jfree.data.RangeTest.java" Intrnl_Id="41">
<LocList>
<Loc EndOffset="1503" SrcFileId="1" StartOffset="1443"/>
</LocList>
</BasicStmnt>
</StmntSeq>
</HierarchyLvl>
<HierarchyLvl HierarchyLvlId="2215" HierarchyLvlTypeId="3" Intrnl_Id="42" Name="ContainsNominalTest">
<Header>
<Loc EndOffset="1584" SrcFileId="1" StartOffset="1543"/>
</Header>
<LocList>
<Loc EndOffset="1675" SrcFileId="1" StartOffset="1543"/>
</LocList>
<StmntSeq Intrnl_Id="43">
<LocList>
<Loc EndOffset="1635" SrcFileId="1" StartOffset="1589"/>
<Loc EndOffset="1671" SrcFileId="1" StartOffset="1639"/>
</LocList>
<BasicStmnt CovItemId="S17" CovItemPrefix="org.jfree.data.RangeTest.java" Intrnl_Id="44">
<LocList>
<Loc EndOffset="1635" SrcFileId="1" StartOffset="1589"/>
</LocList>
</BasicStmnt>
<BasicStmnt CovItemId="S18" CovItemPrefix="org.jfree.data.RangeTest.java" Intrnl_Id="45">
<LocList>
<Loc EndOffset="1671" SrcFileId="1" StartOffset="1639"/>
</LocList>
</BasicStmnt>
</StmntSeq>
</HierarchyLvl>
<HierarchyLvl HierarchyLvlId="2216" HierarchyLvlTypeId="3" Intrnl_Id="46" Name="DoesNotContainNominalTest">
<Header>
<Loc EndOffset="1728" SrcFileId="1" StartOffset="1681"/>
</Header>
<LocList>
<Loc EndOffset="1822" SrcFileId="1" StartOffset="1681"/>
</LocList>
<StmntSeq Intrnl_Id="47">
<LocList>
<Loc EndOffset="1781" SrcFileId="1" StartOffset="1733"/>
<Loc EndOffset="1818" SrcFileId="1" StartOffset="1785"/>
</LocList>
<BasicStmnt CovItemId="S19" CovItemPrefix="org.jfree.data.RangeTest.java" Intrnl_Id="48">
<LocList>
<Loc EndOffset="1781" SrcFileId="1" StartOffset="1733"/>
</LocList>
</BasicStmnt>
<BasicStmnt CovItemId="S20" CovItemPrefix="org.jfree.data.RangeTest.java" Intrnl_Id="49">
<LocList>
<Loc EndOffset="1818" SrcFileId="1" StartOffset="1785"/>
</LocList>
</BasicStmnt>
</StmntSeq>
</HierarchyLvl>
<HierarchyLvl HierarchyLvlId="2217" HierarchyLvlTypeId="3" Intrnl_Id="50" Name="ContainsMaximumTest">
<Header>
<Loc EndOffset="1869" SrcFileId="1" StartOffset="1828"/>
</Header>
<LocList>
<Loc EndOffset="1978" SrcFileId="1" StartOffset="1828"/>
</LocList>
<StmntSeq Intrnl_Id="51">
<LocList>
<Loc EndOffset="1915" SrcFileId="1" StartOffset="1874"/>
<Loc EndOffset="1974" SrcFileId="1" StartOffset="1919"/>
</LocList>
<BasicStmnt CovItemId="S21" CovItemPrefix="org.jfree.data.RangeTest.java" Intrnl_Id="52">
<LocList>
<Loc EndOffset="1915" SrcFileId="1" StartOffset="1874"/>
</LocList>
</BasicStmnt>
<BasicStmnt CovItemId="S22" CovItemPrefix="org.jfree.data.RangeTest.java" Intrnl_Id="53">
<LocList>
<Loc EndOffset="1974" SrcFileId="1" StartOffset="1919"/>
</LocList>
</BasicStmnt>
</StmntSeq>
</HierarchyLvl>
<HierarchyLvl HierarchyLvlId="2218" HierarchyLvlTypeId="3" Intrnl_Id="54" Name="DoesNotContainMaximumTest">
<Header>
<Loc EndOffset="2031" SrcFileId="1" StartOffset="1984"/>
</Header>
<LocList>
<Loc EndOffset="2131" SrcFileId="1" StartOffset="1984"/>
</LocList>
<StmntSeq Intrnl_Id="55">
<LocList>
<Loc EndOffset="2077" SrcFileId="1" StartOffset="2036"/>
<Loc EndOffset="2127" SrcFileId="1" StartOffset="2081"/>
</LocList>
<BasicStmnt CovItemId="S23" CovItemPrefix="org.jfree.data.RangeTest.java" Intrnl_Id="56">
<LocList>
<Loc EndOffset="2077" SrcFileId="1" StartOffset="2036"/>
</LocList>
</BasicStmnt>
<BasicStmnt CovItemId="S24" CovItemPrefix="org.jfree.data.RangeTest.java" Intrnl_Id="57">
<LocList>
<Loc EndOffset="2127" SrcFileId="1" StartOffset="2081"/>
</LocList>
</BasicStmnt>
</StmntSeq>
</HierarchyLvl>
<HierarchyLvl HierarchyLvlId="2219" HierarchyLvlTypeId="3" Intrnl_Id="58" Name="ContainsMinimumTest">
<Header>
<Loc EndOffset="2178" SrcFileId="1" StartOffset="2137"/>
</Header>
<LocList>
<Loc EndOffset="2287" SrcFileId="1" StartOffset="2137"/>
</LocList>
<StmntSeq Intrnl_Id="59">
<LocList>
<Loc EndOffset="2224" SrcFileId="1" StartOffset="2183"/>
<Loc EndOffset="2283" SrcFileId="1" StartOffset="2228"/>
</LocList>
<BasicStmnt CovItemId="S25" CovItemPrefix="org.jfree.data.RangeTest.java" Intrnl_Id="60">
<LocList>
<Loc EndOffset="2224" SrcFileId="1" StartOffset="2183"/>
</LocList>
</BasicStmnt>
<BasicStmnt CovItemId="S26" CovItemPrefix="org.jfree.data.RangeTest.java" Intrnl_Id="61">
<LocList>
<Loc EndOffset="2283" SrcFileId="1" StartOffset="2228"/>
</LocList>
</BasicStmnt>
</StmntSeq>
</HierarchyLvl>
<HierarchyLvl HierarchyLvlId="2220" HierarchyLvlTypeId="3" Intrnl_Id="62" Name="DoesNotContainMinimumTest">
<Header>
<Loc EndOffset="2340" SrcFileId="1" StartOffset="2293"/>
</Header>
<LocList>
<Loc EndOffset="2439" SrcFileId="1" StartOffset="2293"/>
</LocList>
<StmntSeq Intrnl_Id="63">
<LocList>
<Loc EndOffset="2386" SrcFileId="1" StartOffset="2345"/>
<Loc EndOffset="2435" SrcFileId="1" StartOffset="2390"/>
</LocList>
<BasicStmnt CovItemId="S27" CovItemPrefix="org.jfree.data.RangeTest.java" Intrnl_Id="64">
<LocList>
<Loc EndOffset="2386" SrcFileId="1" StartOffset="2345"/>
</LocList>
</BasicStmnt>
<BasicStmnt CovItemId="S28" CovItemPrefix="org.jfree.data.RangeTest.java" Intrnl_Id="65">
<LocList>
<Loc EndOffset="2435" SrcFileId="1" StartOffset="2390"/>
</LocList>
</BasicStmnt>
</StmntSeq>
</HierarchyLvl>
<HierarchyLvl HierarchyLvlId="2221" HierarchyLvlTypeId="3" Intrnl_Id="66" Name="EqualsNominalTest">
<Header>
<Loc EndOffset="2511" SrcFileId="1" StartOffset="2472"/>
</Header>
<LocList>
<Loc EndOffset="2623" SrcFileId="1" StartOffset="2472"/>
</LocList>
<StmntSeq Intrnl_Id="67">
<LocList>
<Loc EndOffset="2560" SrcFileId="1" StartOffset="2516"/>
<Loc EndOffset="2619" SrcFileId="1" StartOffset="2564"/>
</LocList>
<BasicStmnt CovItemId="S29" CovItemPrefix="org.jfree.data.RangeTest.java" Intrnl_Id="68">
<LocList>
<Loc EndOffset="2560" SrcFileId="1" StartOffset="2516"/>
</LocList>
</BasicStmnt>
<BasicStmnt CovItemId="S30" CovItemPrefix="org.jfree.data.RangeTest.java" Intrnl_Id="69">
<LocList>
<Loc EndOffset="2619" SrcFileId="1" StartOffset="2564"/>
</LocList>
</BasicStmnt>
</StmntSeq>
</HierarchyLvl>
<HierarchyLvl HierarchyLvlId="2222" HierarchyLvlTypeId="3" Intrnl_Id="70" Name="DoesNotEqualNominalTestLower">
<Header>
<Loc EndOffset="2679" SrcFileId="1" StartOffset="2629"/>
</Header>
<LocList>
<Loc EndOffset="2792" SrcFileId="1" StartOffset="2629"/>
</LocList>
<StmntSeq Intrnl_Id="71">
<LocList>
<Loc EndOffset="2728" SrcFileId="1" StartOffset="2684"/>
<Loc EndOffset="2788" SrcFileId="1" StartOffset="2732"/>
</LocList>
<BasicStmnt CovItemId="S31" CovItemPrefix="org.jfree.data.RangeTest.java" Intrnl_Id="72">
<LocList>
<Loc EndOffset="2728" SrcFileId="1" StartOffset="2684"/>
</LocList>
</BasicStmnt>
<BasicStmnt CovItemId="S32" CovItemPrefix="org.jfree.data.RangeTest.java" Intrnl_Id="73">
<LocList>
<Loc EndOffset="2788" SrcFileId="1" StartOffset="2732"/>
</LocList>
</BasicStmnt>
</StmntSeq>
</HierarchyLvl>
<HierarchyLvl HierarchyLvlId="2223" HierarchyLvlTypeId="3" Intrnl_Id="74" Name="DoesNotEqualNominalTestUpper">
<Header>
<Loc EndOffset="2848" SrcFileId="1" StartOffset="2798"/>
</Header>
<LocList>
<Loc EndOffset="2961" SrcFileId="1" StartOffset="2798"/>
</LocList>
<StmntSeq Intrnl_Id="75">
<LocList>
<Loc EndOffset="2897" SrcFileId="1" StartOffset="2853"/>
<Loc EndOffset="2957" SrcFileId="1" StartOffset="2901"/>
</LocList>
<BasicStmnt CovItemId="S33" CovItemPrefix="org.jfree.data.RangeTest.java" Intrnl_Id="76">
<LocList>
<Loc EndOffset="2897" SrcFileId="1" StartOffset="2853"/>
</LocList>
</BasicStmnt>
<BasicStmnt CovItemId="S34" CovItemPrefix="org.jfree.data.RangeTest.java" Intrnl_Id="77">
<LocList>
<Loc EndOffset="2957" SrcFileId="1" StartOffset="2901"/>
</LocList>
</BasicStmnt>
</StmntSeq>
</HierarchyLvl>
<HierarchyLvl HierarchyLvlId="2224" HierarchyLvlTypeId="3" Intrnl_Id="78" Name="EqualsMaximumTest">
<Header>
<Loc EndOffset="3006" SrcFileId="1" StartOffset="2967"/>
</Header>
<LocList>
<Loc EndOffset="3191" SrcFileId="1" StartOffset="2967"/>
</LocList>
<StmntSeq Intrnl_Id="79">
<LocList>
<Loc EndOffset="3063" SrcFileId="1" StartOffset="3011"/>
<Loc EndOffset="3128" SrcFileId="1" StartOffset="3067"/>
<Loc EndOffset="3187" SrcFileId="1" StartOffset="3132"/>
</LocList>
<BasicStmnt CovItemId="S35" CovItemPrefix="org.jfree.data.RangeTest.java" Intrnl_Id="80">
<LocList>
<Loc EndOffset="3063" SrcFileId="1" StartOffset="3011"/>
</LocList>
</BasicStmnt>
<BasicStmnt CovItemId="S36" CovItemPrefix="org.jfree.data.RangeTest.java" Intrnl_Id="81">
<LocList>
<Loc EndOffset="3128" SrcFileId="1" StartOffset="3067"/>
</LocList>
</BasicStmnt>
<BasicStmnt CovItemId="S37" CovItemPrefix="org.jfree.data.RangeTest.java" Intrnl_Id="82">
<LocList>
<Loc EndOffset="3187" SrcFileId="1" StartOffset="3132"/>
</LocList>
</BasicStmnt>
</StmntSeq>
</HierarchyLvl>
<HierarchyLvl HierarchyLvlId="2225" HierarchyLvlTypeId="3" Intrnl_Id="83" Name="DoesNotEqualMaximumTest">
<Header>
<Loc EndOffset="3242" SrcFileId="1" StartOffset="3197"/>
</Header>
<LocList>
<Loc EndOffset="3372" SrcFileId="1" StartOffset="3197"/>
</LocList>
<StmntSeq Intrnl_Id="84">
<LocList>
<Loc EndOffset="3308" SrcFileId="1" StartOffset="3247"/>
<Loc EndOffset="3368" SrcFileId="1" StartOffset="3312"/>
</LocList>
<BasicStmnt CovItemId="S38" CovItemPrefix="org.jfree.data.RangeTest.java" Intrnl_Id="85">
<LocList>
<Loc EndOffset="3308" SrcFileId="1" StartOffset="3247"/>
</LocList>
</BasicStmnt>
<BasicStmnt CovItemId="S39" CovItemPrefix="org.jfree.data.RangeTest.java" Intrnl_Id="86">
<LocList>
<Loc EndOffset="3368" SrcFileId="1" StartOffset="3312"/>
</LocList>
</BasicStmnt>
</StmntSeq>
</HierarchyLvl>
<HierarchyLvl HierarchyLvlId="2226" HierarchyLvlTypeId="3" Intrnl_Id="87" Name="EqualsMinimumTest">
<Header>
<Loc EndOffset="3417" SrcFileId="1" StartOffset="3378"/>
</Header>
<LocList>
<Loc EndOffset="3558" SrcFileId="1" StartOffset="3378"/>
</LocList>
<StmntSeq Intrnl_Id="88">
<LocList>
<Loc EndOffset="3452" SrcFileId="1" StartOffset="3422"/>
<Loc EndOffset="3495" SrcFileId="1" StartOffset="3456"/>
<Loc EndOffset="3554" SrcFileId="1" StartOffset="3499"/>
</LocList>
<BasicStmnt CovItemId="S40" CovItemPrefix="org.jfree.data.RangeTest.java" Intrnl_Id="89">
<LocList>
<Loc EndOffset="3452" SrcFileId="1" StartOffset="3422"/>
</LocList>
</BasicStmnt>
<BasicStmnt CovItemId="S41" CovItemPrefix="org.jfree.data.RangeTest.java" Intrnl_Id="90">
<LocList>
<Loc EndOffset="3495" SrcFileId="1" StartOffset="3456"/>
</LocList>
</BasicStmnt>
<BasicStmnt CovItemId="S42" CovItemPrefix="org.jfree.data.RangeTest.java" Intrnl_Id="91">
<LocList>
<Loc EndOffset="3554" SrcFileId="1" StartOffset="3499"/>
</LocList>
</BasicStmnt>
</StmntSeq>
</HierarchyLvl>
<HierarchyLvl HierarchyLvlId="2227" HierarchyLvlTypeId="3" Intrnl_Id="92" Name="IntersectsNominalTrueTest">
<Header>
<Loc EndOffset="3643" SrcFileId="1" StartOffset="3596"/>
</Header>
<LocList>
<Loc EndOffset="3706" SrcFileId="1" StartOffset="3596"/>
</LocList>
<StmntSeq Intrnl_Id="93">
<LocList>
<Loc EndOffset="3702" SrcFileId="1" StartOffset="3648"/>
</LocList>
<BasicStmnt CovItemId="S43" CovItemPrefix="org.jfree.data.RangeTest.java" Intrnl_Id="94">
<LocList>
<Loc EndOffset="3702" SrcFileId="1" StartOffset="3648"/>
</LocList>
</BasicStmnt>
</StmntSeq>
</HierarchyLvl>
<HierarchyLvl HierarchyLvlId="2228" HierarchyLvlTypeId="3" Intrnl_Id="95" Name="IntersectsBottomTest">
<Header>
<Loc EndOffset="3754" SrcFileId="1" StartOffset="3712"/>
</Header>
<LocList>
<Loc EndOffset="3815" SrcFileId="1" StartOffset="3712"/>
</LocList>
<StmntSeq Intrnl_Id="96">
<LocList>
<Loc EndOffset="3811" SrcFileId="1" StartOffset="3759"/>
</LocList>
<BasicStmnt CovItemId="S44" CovItemPrefix="org.jfree.data.RangeTest.java" Intrnl_Id="97">
<LocList>
<Loc EndOffset="3811" SrcFileId="1" StartOffset="3759"/>
</LocList>
</BasicStmnt>
</StmntSeq>
</HierarchyLvl>
<HierarchyLvl HierarchyLvlId="2229" HierarchyLvlTypeId="3" Intrnl_Id="98" Name="IntersectsTopTest">
<Header>
<Loc EndOffset="3860" SrcFileId="1" StartOffset="3821"/>
</Header>
<LocList>
<Loc EndOffset="3919" SrcFileId="1" StartOffset="3821"/>
</LocList>
<StmntSeq Intrnl_Id="99">
<LocList>
<Loc EndOffset="3915" SrcFileId="1" StartOffset="3865"/>
</LocList>
<BasicStmnt CovItemId="S45" CovItemPrefix="org.jfree.data.RangeTest.java" Intrnl_Id="100">
<LocList>
<Loc EndOffset="3915" SrcFileId="1" StartOffset="3865"/>
</LocList>
</BasicStmnt>
</StmntSeq>
</HierarchyLvl>
<HierarchyLvl HierarchyLvlId="2230" HierarchyLvlTypeId="3" Intrnl_Id="101" Name="IntersectsMinimumRangeTest">
<Header>
<Loc EndOffset="3973" SrcFileId="1" StartOffset="3925"/>
</Header>
<LocList>
<Loc EndOffset="4065" SrcFileId="1" StartOffset="3925"/>
</LocList>
<StmntSeq Intrnl_Id="102">
<LocList>
<Loc EndOffset="4007" SrcFileId="1" StartOffset="3978"/>
<Loc EndOffset="4061" SrcFileId="1" StartOffset="4012"/>
</LocList>
<BasicStmnt CovItemId="S46" CovItemPrefix="org.jfree.data.RangeTest.java" Intrnl_Id="103">
<LocList>
<Loc EndOffset="4007" SrcFileId="1" StartOffset="3978"/>
</LocList>
</BasicStmnt>
<BasicStmnt CovItemId="S47" CovItemPrefix="org.jfree.data.RangeTest.java" Intrnl_Id="104">
<LocList>
<Loc EndOffset="4061" SrcFileId="1" StartOffset="4012"/>
</LocList>
</BasicStmnt>
</StmntSeq>
</HierarchyLvl>
<HierarchyLvl HierarchyLvlId="2231" HierarchyLvlTypeId="3" Intrnl_Id="105" Name="IntersectsMaximumRangeTest">
<Header>
<Loc EndOffset="4119" SrcFileId="1" StartOffset="4071"/>
</Header>
<LocList>
<Loc EndOffset="4261" SrcFileId="1" StartOffset="4071"/>
</LocList>
<StmntSeq Intrnl_Id="106">
<LocList>
<Loc EndOffset="4182" SrcFileId="1" StartOffset="4124"/>
<Loc EndOffset="4257" SrcFileId="1" StartOffset="4186"/>
</LocList>
<BasicStmnt CovItemId="S48" CovItemPrefix="org.jfree.data.RangeTest.java" Intrnl_Id="107">
<LocList>
<Loc EndOffset="4182" SrcFileId="1" StartOffset="4124"/>
</LocList>
</BasicStmnt>
<BasicStmnt CovItemId="S49" CovItemPrefix="org.jfree.data.RangeTest.java" Intrnl_Id="108">
<LocList>
<Loc EndOffset="4257" SrcFileId="1" StartOffset="4186"/>
</LocList>
</BasicStmnt>
</StmntSeq>
</HierarchyLvl>
<HierarchyLvl HierarchyLvlId="2232" HierarchyLvlTypeId="3" Intrnl_Id="109" Name="ShiftNominalTest">
<Header>
<Loc EndOffset="4332" SrcFileId="1" StartOffset="4294"/>
</Header>
<LocList>
<Loc EndOffset="4552" SrcFileId="1" StartOffset="4294"/>
</LocList>
<StmntSeq Intrnl_Id="110">
<LocList>
<Loc EndOffset="4359" SrcFileId="1" StartOffset="4337"/>
<Loc EndOffset="4406" SrcFileId="1" StartOffset="4363"/>
<Loc EndOffset="4478" SrcFileId="1" StartOffset="4414"/>
<Loc EndOffset="4548" SrcFileId="1" StartOffset="4486"/>
</LocList>
<BasicStmnt CovItemId="S50" CovItemPrefix="org.jfree.data.RangeTest.java" Intrnl_Id="111">
<LocList>
<Loc EndOffset="4359" SrcFileId="1" StartOffset="4337"/>
</LocList>
</BasicStmnt>
<BasicStmnt CovItemId="S51" CovItemPrefix="org.jfree.data.RangeTest.java" Intrnl_Id="112">
<LocList>
<Loc EndOffset="4406" SrcFileId="1" StartOffset="4363"/>
</LocList>
</BasicStmnt>
<BasicStmnt CovItemId="S52" CovItemPrefix="org.jfree.data.RangeTest.java" Intrnl_Id="113">
<LocList>
<Loc EndOffset="4478" SrcFileId="1" StartOffset="4414"/>
</LocList>
</BasicStmnt>
<BasicStmnt CovItemId="S53" CovItemPrefix="org.jfree.data.RangeTest.java" Intrnl_Id="114">
<LocList>
<Loc EndOffset="4548" SrcFileId="1" StartOffset="4486"/>
</LocList>
</BasicStmnt>
</StmntSeq>
</HierarchyLvl>
<HierarchyLvl HierarchyLvlId="2233" HierarchyLvlTypeId="3" Intrnl_Id="115" Name="ShiftMinimumShiftTest">
<Header>
<Loc EndOffset="4601" SrcFileId="1" StartOffset="4558"/>
</Header>
<LocList>
<Loc EndOffset="4850" SrcFileId="1" StartOffset="4558"/>
</LocList>
<StmntSeq Intrnl_Id="116">
<LocList>
<Loc EndOffset="4628" SrcFileId="1" StartOffset="4606"/>
<Loc EndOffset="4661" SrcFileId="1" StartOffset="4632"/>
<Loc EndOffset="4704" SrcFileId="1" StartOffset="4665"/>
<Loc EndOffset="4776" SrcFileId="1" StartOffset="4712"/>
<Loc EndOffset="4846" SrcFileId="1" StartOffset="4784"/>
</LocList>
<BasicStmnt CovItemId="S54" CovItemPrefix="org.jfree.data.RangeTest.java" Intrnl_Id="117">
<LocList>
<Loc EndOffset="4628" SrcFileId="1" StartOffset="4606"/>
</LocList>
</BasicStmnt>
<BasicStmnt CovItemId="S55" CovItemPrefix="org.jfree.data.RangeTest.java" Intrnl_Id="118">
<LocList>
<Loc EndOffset="4661" SrcFileId="1" StartOffset="4632"/>
</LocList>
</BasicStmnt>
<BasicStmnt CovItemId="S56" CovItemPrefix="org.jfree.data.RangeTest.java" Intrnl_Id="119">
<LocList>
<Loc EndOffset="4704" SrcFileId="1" StartOffset="4665"/>
</LocList>
</BasicStmnt>
<BasicStmnt CovItemId="S57" CovItemPrefix="org.jfree.data.RangeTest.java" Intrnl_Id="120">
<LocList>
<Loc EndOffset="4776" SrcFileId="1" StartOffset="4712"/>
</LocList>
</BasicStmnt>
<BasicStmnt CovItemId="S58" CovItemPrefix="org.jfree.data.RangeTest.java" Intrnl_Id="121">
<LocList>
<Loc EndOffset="4846" SrcFileId="1" StartOffset="4784"/>
</LocList>
</BasicStmnt>
</StmntSeq>
</HierarchyLvl>
<HierarchyLvl HierarchyLvlId="2234" HierarchyLvlTypeId="3" Intrnl_Id="122" Name="ShiftMaximumShiftTest">
<Header>
<Loc EndOffset="4902" SrcFileId="1" StartOffset="4859"/>
</Header>
<LocList>
<Loc EndOffset="5188" SrcFileId="1" StartOffset="4859"/>
</LocList>
<StmntSeq Intrnl_Id="123">
<LocList>
<Loc EndOffset="4940" SrcFileId="1" StartOffset="4907"/>
<Loc EndOffset="4977" SrcFileId="1" StartOffset="4948"/>
<Loc EndOffset="5042" SrcFileId="1" StartOffset="4981"/>
<Loc EndOffset="5114" SrcFileId="1" StartOffset="5050"/>
<Loc EndOffset="5184" SrcFileId="1" StartOffset="5122"/>
</LocList>
<BasicStmnt CovItemId="S59" CovItemPrefix="org.jfree.data.RangeTest.java" Intrnl_Id="124">
<LocList>
<Loc EndOffset="4940" SrcFileId="1" StartOffset="4907"/>
</LocList>
</BasicStmnt>
<BasicStmnt CovItemId="S60" CovItemPrefix="org.jfree.data.RangeTest.java" Intrnl_Id="125">
<LocList>
<Loc EndOffset="4977" SrcFileId="1" StartOffset="4948"/>
</LocList>
</BasicStmnt>
<BasicStmnt CovItemId="S61" CovItemPrefix="org.jfree.data.RangeTest.java" Intrnl_Id="126">
<LocList>
<Loc EndOffset="5042" SrcFileId="1" StartOffset="4981"/>
</LocList>
</BasicStmnt>
<BasicStmnt CovItemId="S62" CovItemPrefix="org.jfree.data.RangeTest.java" Intrnl_Id="127">
<LocList>
<Loc EndOffset="5114" SrcFileId="1" StartOffset="5050"/>
</LocList>
</BasicStmnt>
<BasicStmnt CovItemId="S63" CovItemPrefix="org.jfree.data.RangeTest.java" Intrnl_Id="128">
<LocList>
<Loc EndOffset="5184" SrcFileId="1" StartOffset="5122"/>
</LocList>
</BasicStmnt>
</StmntSeq>
</HierarchyLvl>
<HierarchyLvl HierarchyLvlId="2235" HierarchyLvlTypeId="3" Intrnl_Id="129" Name="ShiftNearMaximumShiftTest">
<Header>
<Loc EndOffset="5241" SrcFileId="1" StartOffset="5194"/>
</Header>
<LocList>
<Loc EndOffset="5534" SrcFileId="1" StartOffset="5194"/>
</LocList>
<StmntSeq Intrnl_Id="130">
<LocList>
<Loc EndOffset="5282" SrcFileId="1" StartOffset="5246"/>
<Loc EndOffset="5319" SrcFileId="1" StartOffset="5290"/>
<Loc EndOffset="5388" SrcFileId="1" StartOffset="5323"/>
<Loc EndOffset="5460" SrcFileId="1" StartOffset="5396"/>
<Loc EndOffset="5530" SrcFileId="1" StartOffset="5468"/>
</LocList>
<BasicStmnt CovItemId="S64" CovItemPrefix="org.jfree.data.RangeTest.java" Intrnl_Id="131">
<LocList>
<Loc EndOffset="5282" SrcFileId="1" StartOffset="5246"/>
</LocList>
</BasicStmnt>
<BasicStmnt CovItemId="S65" CovItemPrefix="org.jfree.data.RangeTest.java" Intrnl_Id="132">
<LocList>
<Loc EndOffset="5319" SrcFileId="1" StartOffset="5290"/>
</LocList>
</BasicStmnt>
<BasicStmnt CovItemId="S66" CovItemPrefix="org.jfree.data.RangeTest.java" Intrnl_Id="133">
<LocList>
<Loc EndOffset="5388" SrcFileId="1" StartOffset="5323"/>
</LocList>
</BasicStmnt>
<BasicStmnt CovItemId="S67" CovItemPrefix="org.jfree.data.RangeTest.java" Intrnl_Id="134">
<LocList>
<Loc EndOffset="5460" SrcFileId="1" StartOffset="5396"/>
</LocList>
</BasicStmnt>
<BasicStmnt CovItemId="S68" CovItemPrefix="org.jfree.data.RangeTest.java" Intrnl_Id="135">
<LocList>
<Loc EndOffset="5530" SrcFileId="1" StartOffset="5468"/>
</LocList>
</BasicStmnt>
</StmntSeq>
</HierarchyLvl>
<HierarchyLvl HierarchyLvlId="2236" HierarchyLvlTypeId="3" Intrnl_Id="136" Name="ShiftNegativeShiftTest">
<Header>
<Loc EndOffset="5584" SrcFileId="1" StartOffset="5540"/>
</Header>
<LocList>
<Loc EndOffset="5848" SrcFileId="1" StartOffset="5540"/>
</LocList>
<StmntSeq Intrnl_Id="137">
<LocList>
<Loc EndOffset="5612" SrcFileId="1" StartOffset="5589"/>
<Loc EndOffset="5655" SrcFileId="1" StartOffset="5620"/>
<Loc EndOffset="5702" SrcFileId="1" StartOffset="5659"/>
<Loc EndOffset="5774" SrcFileId="1" StartOffset="5710"/>
<Loc EndOffset="5844" SrcFileId="1" StartOffset="5782"/>
</LocList>
<BasicStmnt CovItemId="S69" CovItemPrefix="org.jfree.data.RangeTest.java" Intrnl_Id="138">
<LocList>
<Loc EndOffset="5612" SrcFileId="1" StartOffset="5589"/>
</LocList>
</BasicStmnt>
<BasicStmnt CovItemId="S70" CovItemPrefix="org.jfree.data.RangeTest.java" Intrnl_Id="139">
<LocList>
<Loc EndOffset="5655" SrcFileId="1" StartOffset="5620"/>
</LocList>
</BasicStmnt>
<BasicStmnt CovItemId="S71" CovItemPrefix="org.jfree.data.RangeTest.java" Intrnl_Id="140">
<LocList>
<Loc EndOffset="5702" SrcFileId="1" StartOffset="5659"/>
</LocList>
</BasicStmnt>
<BasicStmnt CovItemId="S72" CovItemPrefix="org.jfree.data.RangeTest.java" Intrnl_Id="141">
<LocList>
<Loc EndOffset="5774" SrcFileId="1" StartOffset="5710"/>
</LocList>
</BasicStmnt>
<BasicStmnt CovItemId="S73" CovItemPrefix="org.jfree.data.RangeTest.java" Intrnl_Id="142">
<LocList>
<Loc EndOffset="5844" SrcFileId="1" StartOffset="5782"/>
</LocList>
</BasicStmnt>
</StmntSeq>
</HierarchyLvl>
<HierarchyLvl HierarchyLvlId="2237" HierarchyLvlTypeId="3" Intrnl_Id="143" Name="ExpandRangeTest">
<Header>
<Loc EndOffset="5940" SrcFileId="1" StartOffset="5903"/>
</Header>
<LocList>
<Loc EndOffset="6168" SrcFileId="1" StartOffset="5903"/>
</LocList>
<StmntSeq Intrnl_Id="144">
<LocList>
<Loc EndOffset="5977" SrcFileId="1" StartOffset="5947"/>
<Loc EndOffset="6020" SrcFileId="1" StartOffset="5981"/>
<Loc EndOffset="6093" SrcFileId="1" StartOffset="6028"/>
<Loc EndOffset="6164" SrcFileId="1" StartOffset="6101"/>
</LocList>
<BasicStmnt CovItemId="S74" CovItemPrefix="org.jfree.data.RangeTest.java" Intrnl_Id="145">
<LocList>
<Loc EndOffset="5977" SrcFileId="1" StartOffset="5947"/>
</LocList>
</BasicStmnt>
<BasicStmnt CovItemId="S75" CovItemPrefix="org.jfree.data.RangeTest.java" Intrnl_Id="146">
<LocList>
<Loc EndOffset="6020" SrcFileId="1" StartOffset="5981"/>
</LocList>
</BasicStmnt>
<BasicStmnt CovItemId="S76" CovItemPrefix="org.jfree.data.RangeTest.java" Intrnl_Id="147">
<LocList>
<Loc EndOffset="6093" SrcFileId="1" StartOffset="6028"/>
</LocList>
</BasicStmnt>
<BasicStmnt CovItemId="S77" CovItemPrefix="org.jfree.data.RangeTest.java" Intrnl_Id="148">
<LocList>
<Loc EndOffset="6164" SrcFileId="1" StartOffset="6101"/>
</LocList>
</BasicStmnt>
</StmntSeq>
</HierarchyLvl>
<HierarchyLvl HierarchyLvlId="2238" HierarchyLvlTypeId="3" Intrnl_Id="149" Name="ExpandToIncludeRangeUpperTest">
<Header>
<Loc EndOffset="6225" SrcFileId="1" StartOffset="6174"/>
</Header>
<LocList>
<Loc EndOffset="6503" SrcFileId="1" StartOffset="6174"/>
</LocList>
<StmntSeq Intrnl_Id="150">
<LocList>
<Loc EndOffset="6253" SrcFileId="1" StartOffset="6230"/>
<Loc EndOffset="6296" SrcFileId="1" StartOffset="6261"/>
<Loc EndOffset="6344" SrcFileId="1" StartOffset="6300"/>
<Loc EndOffset="6428" SrcFileId="1" StartOffset="6352"/>
<Loc EndOffset="6499" SrcFileId="1" StartOffset="6436"/>
</LocList>
<BasicStmnt CovItemId="S78" CovItemPrefix="org.jfree.data.RangeTest.java" Intrnl_Id="151">
<LocList>
<Loc EndOffset="6253" SrcFileId="1" StartOffset="6230"/>
</LocList>
</BasicStmnt>
<BasicStmnt CovItemId="S79" CovItemPrefix="org.jfree.data.RangeTest.java" Intrnl_Id="152">
<LocList>
<Loc EndOffset="6296" SrcFileId="1" StartOffset="6261"/>
</LocList>
</BasicStmnt>
<BasicStmnt CovItemId="S80" CovItemPrefix="org.jfree.data.RangeTest.java" Intrnl_Id="153">
<LocList>
<Loc EndOffset="6344" SrcFileId="1" StartOffset="6300"/>
</LocList>
</BasicStmnt>
<BasicStmnt CovItemId="S81" CovItemPrefix="org.jfree.data.RangeTest.java" Intrnl_Id="154">
<LocList>
<Loc EndOffset="6428" SrcFileId="1" StartOffset="6352"/>
</LocList>
</BasicStmnt>
<BasicStmnt CovItemId="S82" CovItemPrefix="org.jfree.data.RangeTest.java" Intrnl_Id="155">
<LocList>
<Loc EndOffset="6499" SrcFileId="1" StartOffset="6436"/>
</LocList>
</BasicStmnt>
</StmntSeq>
</HierarchyLvl>
<HierarchyLvl HierarchyLvlId="2239" HierarchyLvlTypeId="3" Intrnl_Id="156" Name="ExpandToIncludeRangeLowerTest">
<Header>
<Loc EndOffset="6560" SrcFileId="1" StartOffset="6509"/>
</Header>
<LocList>
<Loc EndOffset="6839" SrcFileId="1" StartOffset="6509"/>
</LocList>
<StmntSeq Intrnl_Id="157">
<LocList>
<Loc EndOffset="6589" SrcFileId="1" StartOffset="6565"/>
<Loc EndOffset="6632" SrcFileId="1" StartOffset="6597"/>
<Loc EndOffset="6680" SrcFileId="1" StartOffset="6636"/>
<Loc EndOffset="6764" SrcFileId="1" StartOffset="6688"/>
<Loc EndOffset="6835" SrcFileId="1" StartOffset="6772"/>
</LocList>
<BasicStmnt CovItemId="S83" CovItemPrefix="org.jfree.data.RangeTest.java" Intrnl_Id="158">
<LocList>
<Loc EndOffset="6589" SrcFileId="1" StartOffset="6565"/>
</LocList>
</BasicStmnt>
<BasicStmnt CovItemId="S84" CovItemPrefix="org.jfree.data.RangeTest.java" Intrnl_Id="159">
<LocList>
<Loc EndOffset="6632" SrcFileId="1" StartOffset="6597"/>
</LocList>
</BasicStmnt>
<BasicStmnt CovItemId="S85" CovItemPrefix="org.jfree.data.RangeTest.java" Intrnl_Id="160">
<LocList>
<Loc EndOffset="6680" SrcFileId="1" StartOffset="6636"/>
</LocList>
</BasicStmnt>
<BasicStmnt CovItemId="S86" CovItemPrefix="org.jfree.data.RangeTest.java" Intrnl_Id="161">
<LocList>
<Loc EndOffset="6764" SrcFileId="1" StartOffset="6688"/>
</LocList>
</BasicStmnt>
<BasicStmnt CovItemId="S87" CovItemPrefix="org.jfree.data.RangeTest.java" Intrnl_Id="162">
<LocList>
<Loc EndOffset="6835" SrcFileId="1" StartOffset="6772"/>
</LocList>
</BasicStmnt>
</StmntSeq>
</HierarchyLvl>
<HierarchyLvl HierarchyLvlId="2240" HierarchyLvlTypeId="3" Intrnl_Id="163" Name="ExpandToIncludeRangeNullTest">
<Header>
<Loc EndOffset="6895" SrcFileId="1" StartOffset="6845"/>
</Header>
<LocList>
<Loc EndOffset="7152" SrcFileId="1" StartOffset="6845"/>
</LocList>
<StmntSeq Intrnl_Id="164">
<LocList>
<Loc EndOffset="6923" SrcFileId="1" StartOffset="6900"/>
<Loc EndOffset="6950" SrcFileId="1" StartOffset="6931"/>
<Loc EndOffset="6993" SrcFileId="1" StartOffset="6954"/>
<Loc EndOffset="7077" SrcFileId="1" StartOffset="7001"/>
<Loc EndOffset="7148" SrcFileId="1" StartOffset="7085"/>
</LocList>
<BasicStmnt CovItemId="S88" CovItemPrefix="org.jfree.data.RangeTest.java" Intrnl_Id="165">
<LocList>
<Loc EndOffset="6923" SrcFileId="1" StartOffset="6900"/>
</LocList>
</BasicStmnt>
<BasicStmnt CovItemId="S89" CovItemPrefix="org.jfree.data.RangeTest.java" Intrnl_Id="166">
<LocList>
<Loc EndOffset="6950" SrcFileId="1" StartOffset="6931"/>
</LocList>
</BasicStmnt>
<BasicStmnt CovItemId="S90" CovItemPrefix="org.jfree.data.RangeTest.java" Intrnl_Id="167">
<LocList>
<Loc EndOffset="6993" SrcFileId="1" StartOffset="6954"/>
</LocList>
</BasicStmnt>
<BasicStmnt CovItemId="S91" CovItemPrefix="org.jfree.data.RangeTest.java" Intrnl_Id="168">
<LocList>
<Loc EndOffset="7077" SrcFileId="1" StartOffset="7001"/>
</LocList>
</BasicStmnt>
<BasicStmnt CovItemId="S92" CovItemPrefix="org.jfree.data.RangeTest.java" Intrnl_Id="169">
<LocList>
<Loc EndOffset="7148" SrcFileId="1" StartOffset="7085"/>
</LocList>
</BasicStmnt>
</StmntSeq>
</HierarchyLvl>
<HierarchyLvl HierarchyLvlId="2241" HierarchyLvlTypeId="3" Intrnl_Id="170" Name="CombineTest">
<Header>
<Loc EndOffset="7191" SrcFileId="1" StartOffset="7158"/>
</Header>
<LocList>
<Loc EndOffset="7497" SrcFileId="1" StartOffset="7158"/>
</LocList>
<StmntSeq Intrnl_Id="171">
<LocList>
<Loc EndOffset="7233" SrcFileId="1" StartOffset="7198"/>
<Loc EndOffset="7281" SrcFileId="1" StartOffset="7237"/>
<Loc EndOffset="7360" SrcFileId="1" StartOffset="7289"/>
<Loc EndOffset="7417" SrcFileId="1" StartOffset="7368"/>
<Loc EndOffset="7493" SrcFileId="1" StartOffset="7425"/>
</LocList>
<BasicStmnt CovItemId="S93" CovItemPrefix="org.jfree.data.RangeTest.java" Intrnl_Id="172">
<LocList>
<Loc EndOffset="7233" SrcFileId="1" StartOffset="7198"/>
</LocList>
</BasicStmnt>
<BasicStmnt CovItemId="S94" CovItemPrefix="org.jfree.data.RangeTest.java" Intrnl_Id="173">
<LocList>
<Loc EndOffset="7281" SrcFileId="1" StartOffset="7237"/>
</LocList>
</BasicStmnt>
<BasicStmnt CovItemId="S95" CovItemPrefix="org.jfree.data.RangeTest.java" Intrnl_Id="174">
<LocList>
<Loc EndOffset="7360" SrcFileId="1" StartOffset="7289"/>
</LocList>
</BasicStmnt>
<BasicStmnt CovItemId="S96" CovItemPrefix="org.jfree.data.RangeTest.java" Intrnl_Id="175">
<LocList>
<Loc EndOffset="7417" SrcFileId="1" StartOffset="7368"/>
</LocList>
</BasicStmnt>
<BasicStmnt CovItemId="S97" CovItemPrefix="org.jfree.data.RangeTest.java" Intrnl_Id="176">
<LocList>
<Loc EndOffset="7493" SrcFileId="1" StartOffset="7425"/>
</LocList>
</BasicStmnt>
</StmntSeq>
</HierarchyLvl>
<HierarchyLvl HierarchyLvlId="2242" HierarchyLvlTypeId="3" Intrnl_Id="177" Name="CombineNullOneTest">
<Header>
<Loc EndOffset="7543" SrcFileId="1" StartOffset="7503"/>
</Header>
<LocList>
<Loc EndOffset="7771" SrcFileId="1" StartOffset="7503"/>
</LocList>
<StmntSeq Intrnl_Id="178">
<LocList>
<Loc EndOffset="7569" SrcFileId="1" StartOffset="7550"/>
<Loc EndOffset="7617" SrcFileId="1" StartOffset="7573"/>
<Loc EndOffset="7696" SrcFileId="1" StartOffset="7625"/>
<Loc EndOffset="7767" SrcFileId="1" StartOffset="7704"/>
</LocList>
<BasicStmnt CovItemId="S98" CovItemPrefix="org.jfree.data.RangeTest.java" Intrnl_Id="179">
<LocList>
<Loc EndOffset="7569" SrcFileId="1" StartOffset="7550"/>
</LocList>
</BasicStmnt>
<BasicStmnt CovItemId="S99" CovItemPrefix="org.jfree.data.RangeTest.java" Intrnl_Id="180">
<LocList>
<Loc EndOffset="7617" SrcFileId="1" StartOffset="7573"/>
</LocList>
</BasicStmnt>
<BasicStmnt CovItemId="S100" CovItemPrefix="org.jfree.data.RangeTest.java" Intrnl_Id="181">
<LocList>
<Loc EndOffset="7696" SrcFileId="1" StartOffset="7625"/>
</LocList>
</BasicStmnt>
<BasicStmnt CovItemId="S101" CovItemPrefix="org.jfree.data.RangeTest.java" Intrnl_Id="182">
<LocList>
<Loc EndOffset="7767" SrcFileId="1" StartOffset="7704"/>
</LocList>
</BasicStmnt>
</StmntSeq>
</HierarchyLvl>
<HierarchyLvl HierarchyLvlId="2243" HierarchyLvlTypeId="3" Intrnl_Id="183" Name="CombineNullTwoTest">
<Header>
<Loc EndOffset="7817" SrcFileId="1" StartOffset="7777"/>
</Header>
<LocList>
<Loc EndOffset="8042" SrcFileId="1" StartOffset="7777"/>
</LocList>
<StmntSeq Intrnl_Id="184">
<LocList>
<Loc EndOffset="7859" SrcFileId="1" StartOffset="7824"/>
<Loc EndOffset="7891" SrcFileId="1" StartOffset="7863"/>
<Loc EndOffset="7970" SrcFileId="1" StartOffset="7899"/>
<Loc EndOffset="8038" SrcFileId="1" StartOffset="7978"/>
</LocList>
<BasicStmnt CovItemId="S102" CovItemPrefix="org.jfree.data.RangeTest.java" Intrnl_Id="185">
<LocList>
<Loc EndOffset="7859" SrcFileId="1" StartOffset="7824"/>
</LocList>
</BasicStmnt>
<BasicStmnt CovItemId="S103" CovItemPrefix="org.jfree.data.RangeTest.java" Intrnl_Id="186">
<LocList>
<Loc EndOffset="7891" SrcFileId="1" StartOffset="7863"/>
</LocList>
</BasicStmnt>
<BasicStmnt CovItemId="S104" CovItemPrefix="org.jfree.data.RangeTest.java" Intrnl_Id="187">
<LocList>
<Loc EndOffset="7970" SrcFileId="1" StartOffset="7899"/>
</LocList>
</BasicStmnt>
<BasicStmnt CovItemId="S105" CovItemPrefix="org.jfree.data.RangeTest.java" Intrnl_Id="188">
<LocList>
<Loc EndOffset="8038" SrcFileId="1" StartOffset="7978"/>
</LocList>
</BasicStmnt>
</StmntSeq>
</HierarchyLvl>
<HierarchyLvl HierarchyLvlId="2244" HierarchyLvlTypeId="3" Intrnl_Id="189" Name="ConstrainUpperTest">
<Header>
<Loc EndOffset="8088" SrcFileId="1" StartOffset="8048"/>
</Header>
<LocList>
<Loc EndOffset="8291" SrcFileId="1" StartOffset="8048"/>
</LocList>
<StmntSeq Intrnl_Id="190">
<LocList>
<Loc EndOffset="8130" SrcFileId="1" StartOffset="8095"/>
<Loc EndOffset="8162" SrcFileId="1" StartOffset="8134"/>
<Loc EndOffset="8237" SrcFileId="1" StartOffset="8170"/>
<Loc EndOffset="8287" SrcFileId="1" StartOffset="8245"/>
</LocList>
<BasicStmnt CovItemId="S106" CovItemPrefix="org.jfree.data.RangeTest.java" Intrnl_Id="191">
<LocList>
<Loc EndOffset="8130" SrcFileId="1" StartOffset="8095"/>
</LocList>
</BasicStmnt>
<BasicStmnt CovItemId="S107" CovItemPrefix="org.jfree.data.RangeTest.java" Intrnl_Id="192">
<LocList>
<Loc EndOffset="8162" SrcFileId="1" StartOffset="8134"/>
</LocList>
</BasicStmnt>
<BasicStmnt CovItemId="S108" CovItemPrefix="org.jfree.data.RangeTest.java" Intrnl_Id="193">
<LocList>
<Loc EndOffset="8237" SrcFileId="1" StartOffset="8170"/>
</LocList>
</BasicStmnt>
<BasicStmnt CovItemId="S109" CovItemPrefix="org.jfree.data.RangeTest.java" Intrnl_Id="194">
<LocList>
<Loc EndOffset="8287" SrcFileId="1" StartOffset="8245"/>
</LocList>
</BasicStmnt>
</StmntSeq>
</HierarchyLvl>
<HierarchyLvl HierarchyLvlId="2245" HierarchyLvlTypeId="3" Intrnl_Id="195" Name="ConstrainLowerTest">
<Header>
<Loc EndOffset="8337" SrcFileId="1" StartOffset="8297"/>
</Header>
<LocList>
<Loc EndOffset="8542" SrcFileId="1" StartOffset="8297"/>
</LocList>
<StmntSeq Intrnl_Id="196">
<LocList>
<Loc EndOffset="8379" SrcFileId="1" StartOffset="8344"/>
<Loc EndOffset="8412" SrcFileId="1" StartOffset="8383"/>
<Loc EndOffset="8487" SrcFileId="1" StartOffset="8420"/>
<Loc EndOffset="8538" SrcFileId="1" StartOffset="8495"/>
</LocList>
<BasicStmnt CovItemId="S110" CovItemPrefix="org.jfree.data.RangeTest.java" Intrnl_Id="197">
<LocList>
<Loc EndOffset="8379" SrcFileId="1" StartOffset="8344"/>
</LocList>
</BasicStmnt>
<BasicStmnt CovItemId="S111" CovItemPrefix="org.jfree.data.RangeTest.java" Intrnl_Id="198">
<LocList>
<Loc EndOffset="8412" SrcFileId="1" StartOffset="8383"/>
</LocList>
</BasicStmnt>
<BasicStmnt CovItemId="S112" CovItemPrefix="org.jfree.data.RangeTest.java" Intrnl_Id="199">
<LocList>
<Loc EndOffset="8487" SrcFileId="1" StartOffset="8420"/>
</LocList>
</BasicStmnt>
<BasicStmnt CovItemId="S113" CovItemPrefix="org.jfree.data.RangeTest.java" Intrnl_Id="200">
<LocList>
<Loc EndOffset="8538" SrcFileId="1" StartOffset="8495"/>
</LocList>
</BasicStmnt>
</StmntSeq>
</HierarchyLvl>
<HierarchyLvl HierarchyLvlId="2246" HierarchyLvlTypeId="3" Intrnl_Id="201" Name="HashCodeTest">
<Header>
<Loc EndOffset="8582" SrcFileId="1" StartOffset="8548"/>
</Header>
<LocList>
<Loc EndOffset="8686" SrcFileId="1" StartOffset="8548"/>
</LocList>
<StmntSeq Intrnl_Id="202">
<LocList>
<Loc EndOffset="8622" SrcFileId="1" StartOffset="8587"/>
<Loc EndOffset="8682" SrcFileId="1" StartOffset="8634"/>
</LocList>
<BasicStmnt CovItemId="S114" CovItemPrefix="org.jfree.data.RangeTest.java" Intrnl_Id="203">
<LocList>
<Loc EndOffset="8622" SrcFileId="1" StartOffset="8587"/>
</LocList>
</BasicStmnt>
<BasicStmnt CovItemId="S115" CovItemPrefix="org.jfree.data.RangeTest.java" Intrnl_Id="204">
<LocList>
<Loc EndOffset="8682" SrcFileId="1" StartOffset="8634"/>
</LocList>
</BasicStmnt>
</StmntSeq>
</HierarchyLvl>
<HierarchyLvl HierarchyLvlId="2247" HierarchyLvlTypeId="3" Intrnl_Id="205" Name="ToStringTest">
<Header>
<Loc EndOffset="8726" SrcFileId="1" StartOffset="8692"/>
</Header>
<LocList>
<Loc EndOffset="8887" SrcFileId="1" StartOffset="8692"/>
</LocList>
<StmntSeq Intrnl_Id="206">
<LocList>
<Loc EndOffset="8765" SrcFileId="1" StartOffset="8731"/>
<Loc EndOffset="8812" SrcFileId="1" StartOffset="8773"/>
<Loc EndOffset="8883" SrcFileId="1" StartOffset="8820"/>
</LocList>
<BasicStmnt CovItemId="S116" CovItemPrefix="org.jfree.data.RangeTest.java" Intrnl_Id="207">
<LocList>
<Loc EndOffset="8765" SrcFileId="1" StartOffset="8731"/>
</LocList>
</BasicStmnt>
<BasicStmnt CovItemId="S117" CovItemPrefix="org.jfree.data.RangeTest.java" Intrnl_Id="208">
<LocList>
<Loc EndOffset="8812" SrcFileId="1" StartOffset="8773"/>
</LocList>
</BasicStmnt>
<BasicStmnt CovItemId="S118" CovItemPrefix="org.jfree.data.RangeTest.java" Intrnl_Id="209">
<LocList>
<Loc EndOffset="8883" SrcFileId="1" StartOffset="8820"/>
</LocList>
</BasicStmnt>
</StmntSeq>
</HierarchyLvl>
<HierarchyLvl HierarchyLvlId="2248" HierarchyLvlTypeId="3" Intrnl_Id="210" Name="notEqualsTest">
<Header>
<Loc EndOffset="8928" SrcFileId="1" StartOffset="8893"/>
</Header>
<LocList>
<Loc EndOffset="9079" SrcFileId="1" StartOffset="8893"/>
</LocList>
<StmntSeq Intrnl_Id="211">
<LocList>
<Loc EndOffset="8967" SrcFileId="1" StartOffset="8933"/>
<Loc EndOffset="9014" SrcFileId="1" StartOffset="8975"/>
<Loc EndOffset="9075" SrcFileId="1" StartOffset="9022"/>
</LocList>
<BasicStmnt CovItemId="S119" CovItemPrefix="org.jfree.data.RangeTest.java" Intrnl_Id="212">
<LocList>
<Loc EndOffset="8967" SrcFileId="1" StartOffset="8933"/>
</LocList>
</BasicStmnt>
<BasicStmnt CovItemId="S120" CovItemPrefix="org.jfree.data.RangeTest.java" Intrnl_Id="213">
<LocList>
<Loc EndOffset="9014" SrcFileId="1" StartOffset="8975"/>
</LocList>
</BasicStmnt>
<BasicStmnt CovItemId="S121" CovItemPrefix="org.jfree.data.RangeTest.java" Intrnl_Id="214">
<LocList>
<Loc EndOffset="9075" SrcFileId="1" StartOffset="9022"/>
</LocList>
</BasicStmnt>
</StmntSeq>
</HierarchyLvl>
</HierarchyLvl>
</HierarchyLvl>
</HierarchyLvl>
</HierarchyLvl>
</HierarchyLvl>
</MASTRoot>
</TestSessionContainer>
