<?xml version="1.0" encoding="UTF-8"?><TestSessionContainer xmlns="http://www.codecover.org/xml/testsession-container" Date="1489034821150" TestSessionContainerId="65df9ae0-2fbe-4030-b9df-1faa80feadd0" version="1.0">
<SrcFileList>
<SrcFile Content="package org.jfree.data;&#13;&#10;&#13;&#10;import static org.junit.Assert.*;&#13;&#10;&#13;&#10;import org.jfree.data.Range;&#13;&#10;import org.junit.After;&#13;&#10;import org.junit.Before;&#13;&#10;import org.junit.Test;&#13;&#10;&#13;&#10;import java.lang.Double;&#13;&#10;&#13;&#10;public class RangeTest {&#13;&#10;&#13;&#10;&#9;private Range rangeObject;&#13;&#10;&#9;private double maxValDouble = Double.MAX_VALUE;&#13;&#10;&#9;private double minValDouble = Double.MIN_VALUE;&#13;&#10;&#9;&#13;&#10;&#9;@Before&#13;&#10;&#9;public void setUp() throws Exception {&#13;&#10;&#9;&#9;rangeObject = new Range(-100, 100);&#13;&#10;&#9;}&#13;&#10;&#13;&#10;&#9;@After&#13;&#10;&#9;public void tearDown() throws Exception {&#13;&#10;&#9;&#9;rangeObject = null;&#13;&#10;&#9;}&#13;&#10;&#13;&#10;&#9;/*&#13;&#10;&#9; * GETCENTRALVALUE()&#13;&#10;&#9; */&#13;&#10;&#9;&#13;&#10;&#9;@Test&#13;&#10;&#9;public void getCentralValueNominalTest() {&#13;&#10;&#9;&#9;double centralResult = rangeObject.getCentralValue();&#13;&#10;&#9;&#9;assertEquals(0, centralResult, 0);&#9;&#9;&#13;&#10;&#9;}&#13;&#10;&#9;&#13;&#10;&#9;@Test&#13;&#10;&#9;public void getCentralValueNoRangeTest() {&#13;&#10;&#9;&#9;rangeObject = new Range(-1,-1);&#13;&#10;&#9;&#9;double centralResult = rangeObject.getCentralValue();&#13;&#10;&#9;&#9;assertEquals(-1, centralResult, 0);&#9;&#9;&#13;&#10;&#9;}&#13;&#10;&#9;&#13;&#10;&#9;@Test&#13;&#10;&#9;public void getCentralValueMaximumTest() {&#13;&#10;&#9;&#9;rangeObject = new Range(0, maxValDouble);&#13;&#10;&#9;&#9;assertEquals(maxValDouble/2, rangeObject.getCentralValue(), 0);&#13;&#10;&#9;}&#13;&#10;&#9;&#13;&#10;&#9;@Test&#13;&#10;&#9;public void getCentralValueMinimumTest() {&#13;&#10;&#9;&#9;rangeObject = new Range(minValDouble, 0);&#13;&#10;&#9;&#9;assertEquals(minValDouble/2, rangeObject.getCentralValue(), 0);&#13;&#10;&#9;}&#13;&#10;&#9;&#13;&#10;&#9;@Test&#13;&#10;&#9;public void getCentralValueMaximumRangeTest() {&#13;&#10;&#9;&#9;double middleValue = (maxValDouble + minValDouble) / 2;&#13;&#10;&#9;&#9;rangeObject = new Range(minValDouble, maxValDouble);&#13;&#10;&#9;&#9;assertEquals(middleValue, rangeObject.getCentralValue(), 0);&#13;&#10;&#9;}&#13;&#10;&#9;&#13;&#10;&#9;/*&#13;&#10;&#9; * CONTAINS()&#13;&#10;&#9; */&#13;&#10;&#9;&#13;&#10;&#9;@Test&#13;&#10;&#9;public void ContainsNominalTest(){&#13;&#10;&#9;&#9;boolean isContained = rangeObject.contains(3);&#13;&#10;&#9;&#9;assertEquals(true, isContained);&#13;&#10;&#9;}&#13;&#10;&#9;&#13;&#10;&#9;@Test&#13;&#10;&#9;public void DoesNotContainNominalTest(){&#13;&#10;&#9;&#9;boolean isContained = rangeObject.contains(101);&#13;&#10;&#9;&#9;assertEquals(false, isContained);&#13;&#10;&#9;}&#13;&#10;&#9;&#13;&#10;&#9;@Test&#13;&#10;&#9;public void ContainsMaximumTest(){&#13;&#10;&#9;&#9;rangeObject = new Range(0, maxValDouble);&#13;&#10;&#9;&#9;assertEquals(true, rangeObject.contains(maxValDouble));&#13;&#10;&#9;}&#13;&#10;&#9;&#13;&#10;&#9;@Test&#13;&#10;&#9;public void DoesNotContainMaximumTest(){&#13;&#10;&#9;&#9;rangeObject = new Range(0, maxValDouble);&#13;&#10;&#9;&#9;assertEquals(false, rangeObject.contains(-1));&#13;&#10;&#9;}&#13;&#10;&#9;&#13;&#10;&#9;@Test&#13;&#10;&#9;public void ContainsMinimumTest(){&#13;&#10;&#9;&#9;rangeObject = new Range(minValDouble, 0);&#13;&#10;&#9;&#9;assertEquals(true, rangeObject.contains(minValDouble));&#13;&#10;&#9;}&#13;&#10;&#9;&#13;&#10;&#9;@Test&#13;&#10;&#9;public void DoesNotContainMinimumTest(){&#13;&#10;&#9;&#9;rangeObject = new Range(minValDouble, 0);&#13;&#10;&#9;&#9;assertEquals(false, rangeObject.contains(1));&#13;&#10;&#9;}&#13;&#10;&#9;&#13;&#10;&#9;/*&#13;&#10;&#9; * EQUALS()&#13;&#10;&#9; */&#13;&#10;&#13;&#10;&#9;@Test&#13;&#10;&#9;public void EqualsNominalTest(){&#13;&#10;&#9;&#9;Range rangeObjectTwo = new Range(-100, 100);&#13;&#10;&#9;&#9;assertEquals(true, rangeObject.equals(rangeObjectTwo));&#13;&#10;&#9;}&#13;&#10;&#9;&#13;&#10;&#9;@Test&#13;&#10;&#9;public void DoesNotEqualNominalTestLower(){&#13;&#10;&#9;&#9;Range rangeObjectTwo = new Range(-101, 100);&#13;&#10;&#9;&#9;assertEquals(false, rangeObject.equals(rangeObjectTwo));&#13;&#10;&#9;}&#13;&#10;&#9;&#13;&#10;&#9;@Test&#13;&#10;&#9;public void DoesNotEqualNominalTestUpper(){&#13;&#10;&#9;&#9;Range rangeObjectTwo = new Range(-100, 101);&#13;&#10;&#9;&#9;assertEquals(false, rangeObject.equals(rangeObjectTwo));&#13;&#10;&#9;}&#13;&#10;&#9;&#13;&#10;&#9;@Test&#13;&#10;&#9;public void EqualsMaximumTest(){&#13;&#10;&#9;&#9;rangeObject = new Range(minValDouble, maxValDouble);&#13;&#10;&#9;&#9;Range rangeObjectTwo = new Range(minValDouble, maxValDouble);&#13;&#10;&#9;&#9;assertEquals(true, rangeObject.equals(rangeObjectTwo));&#13;&#10;&#9;}&#13;&#10;&#9;&#13;&#10;&#9;@Test&#13;&#10;&#9;public void DoesNotEqualMaximumTest(){&#13;&#10;&#9;&#9;Range rangeObjectTwo = new Range(minValDouble, maxValDouble);&#13;&#10;&#9;&#9;assertEquals(false, rangeObject.equals(rangeObjectTwo));&#13;&#10;&#9;}&#13;&#10;&#9;&#13;&#10;&#9;@Test&#13;&#10;&#9;public void EqualsMinimumTest(){&#13;&#10;&#9;&#9;rangeObject = new Range(0, 0);&#13;&#10;&#9;&#9;Range rangeObjectTwo = new Range(0, 0);&#13;&#10;&#9;&#9;assertEquals(true, rangeObject.equals(rangeObjectTwo));&#13;&#10;&#9;}&#13;&#10;&#9;&#13;&#10;&#9;/*&#13;&#10;&#9; * INTERSECTS()&#13;&#10;&#9; */&#13;&#10;&#9;&#13;&#10;&#9;@Test&#13;&#10;&#9;public void IntersectsNominalTrueTest(){&#13;&#10;&#9;&#9;assertEquals(true, rangeObject.intersects(-100, 100));&#13;&#10;&#9;}&#13;&#10;&#9;&#13;&#10;&#9;@Test&#13;&#10;&#9;public void IntersectsBottomTest(){&#13;&#10;&#9;&#9;assertEquals(true, rangeObject.intersects(-100, 0));&#13;&#10;&#9;}&#13;&#10;&#9;&#13;&#10;&#9;@Test&#13;&#10;&#9;public void IntersectsTopTest(){&#13;&#10;&#9;&#9;assertEquals(true, rangeObject.intersects(0, 99));&#13;&#10;&#9;}&#13;&#10;&#9;&#13;&#10;&#9;@Test&#13;&#10;&#9;public void IntersectsMinimumRangeTest(){&#13;&#10;&#9;&#9;rangeObject = new Range(0,0);&#9;&#13;&#10;&#9;&#9;assertEquals(true, rangeObject.intersects(0, 0));&#13;&#10;&#9;}&#13;&#10;&#9;&#13;&#10;&#9;@Test&#13;&#10;&#9;public void IntersectsMaximumRangeTest(){&#13;&#10;&#9;&#9;Range rangeObject = new Range(minValDouble, maxValDouble);&#13;&#10;&#9;&#9;assertEquals(true, rangeObject.intersects(minValDouble, maxValDouble));&#13;&#10;&#9;}&#13;&#10;&#9;&#13;&#10;&#9;/*&#13;&#10;&#9; * SHIFT()&#13;&#10;&#9; */&#13;&#10;&#9;&#13;&#10;&#9;@Test&#13;&#10;&#9;public void ShiftNominalTest(){&#13;&#10;&#9;&#9;double shiftValue = 5;&#13;&#10;&#9;&#9;Range rangeObjectTwo = new Range(-95, 105);&#13;&#10;&#9;&#9;&#13;&#10;&#9;&#9;Range rangeObjectShifted = Range.shift(rangeObject, shiftValue);&#13;&#10;&#9;&#9;&#13;&#10;&#9;&#9;assertEquals(true, rangeObjectTwo.equals(rangeObjectShifted));&#13;&#10;&#9;}&#13;&#10;&#9;&#13;&#10;&#9;@Test&#13;&#10;&#9;public void ShiftMinimumShiftTest(){&#13;&#10;&#9;&#9;double shiftValue = 0;&#13;&#10;&#9;&#9;rangeObject = new Range(0,0);&#13;&#10;&#9;&#9;Range rangeObjectTwo = new Range(0, 0);&#13;&#10;&#9;&#9;&#13;&#10;&#9;&#9;Range rangeObjectShifted = Range.shift(rangeObject, shiftValue);&#13;&#10;&#9;&#9;&#13;&#10;&#9;&#9;assertEquals(true, rangeObjectTwo.equals(rangeObjectShifted));&#13;&#10;&#9;}&#13;&#10;&#9;&#13;&#10;&#9;&#13;&#10;&#9;@Test&#13;&#10;&#9;public void ShiftMaximumShiftTest(){&#13;&#10;&#9;&#9;double shiftValue = maxValDouble;&#13;&#10;&#9;&#9;&#13;&#10;&#9;&#9;rangeObject = new Range(0,0);&#13;&#10;&#9;&#9;Range rangeObjectTwo = new Range(maxValDouble, maxValDouble);&#13;&#10;&#9;&#9;&#13;&#10;&#9;&#9;Range rangeObjectShifted = Range.shift(rangeObject, shiftValue);&#13;&#10;&#9;&#9;&#13;&#10;&#9;&#9;assertEquals(true, rangeObjectTwo.equals(rangeObjectShifted));&#13;&#10;&#9;}&#13;&#10;&#9;&#13;&#10;&#9;@Test&#13;&#10;&#9;public void ShiftNearMaximumShiftTest(){&#13;&#10;&#9;&#9;double shiftValue = maxValDouble -1;&#13;&#10;&#9;&#9;&#13;&#10;&#9;&#9;rangeObject = new Range(0,0);&#13;&#10;&#9;&#9;Range rangeObjectTwo = new Range(maxValDouble-1, maxValDouble-1);&#13;&#10;&#9;&#9;&#13;&#10;&#9;&#9;Range rangeObjectShifted = Range.shift(rangeObject, shiftValue);&#13;&#10;&#9;&#9;&#13;&#10;&#9;&#9;assertEquals(true, rangeObjectTwo.equals(rangeObjectShifted));&#13;&#10;&#9;}&#13;&#10;&#9;&#13;&#10;&#9;@Test&#13;&#10;&#9;public void ShiftNegativeShiftTest(){&#13;&#10;&#9;&#9;double shiftValue = -1;&#13;&#10;&#9;&#9;&#13;&#10;&#9;&#9;rangeObject = new Range(-100, 100);&#13;&#10;&#9;&#9;Range rangeObjectTwo = new Range(-101, 99);&#13;&#10;&#9;&#9;&#13;&#10;&#9;&#9;Range rangeObjectShifted = Range.shift(rangeObject, shiftValue);&#13;&#10;&#9;&#9;&#13;&#10;&#9;&#9;assertEquals(true, rangeObjectTwo.equals(rangeObjectShifted));&#13;&#10;&#9;}&#13;&#10;&#9;&#13;&#10;&#9;@Test&#13;&#10;&#9;public void ExpandRangeTest(){&#13;&#10;&#9;&#9;double expandValue = 2;&#13;&#10;&#9;&#9;&#13;&#10;&#9;&#9;rangeObject = new Range(-100, 100);&#13;&#10;&#9;&#9;Range rangeObjectTwo = new Range(-102, 102);&#13;&#10;&#9;&#9;&#13;&#10;&#9;&#9;Range rangeObjectExpanded = Range.expand(rangeObject, expandValue, expandValue);&#13;&#10;&#9;&#9;&#13;&#10;&#9;&#9;assertEquals(true, rangeObjectTwo.equals(rangeObjectExpanded));&#13;&#10;&#9;}&#13;&#10;}&#13;&#10;" Filename="RangeTest.java" Intrnl_Id="1"/>
</SrcFileList>
<CritList>
<CritListEntry Name="org.codecover.model.utils.criteria.ConditionCoverage" PluginName="org.codecover"/>
<CritListEntry Name="org.codecover.model.utils.criteria.BranchCoverage" PluginName="org.codecover"/>
<CritListEntry Name="org.codecover.model.utils.criteria.StatementCoverage" PluginName="org.codecover"/>
</CritList>
<BoolOpList/>
<HierarchyLvlTypeList>
<HierarchyLvlType EnglishName="package" IntrnlName="package" Intrnl_Id="2"/>
<HierarchyLvlType EnglishName="method" IntrnlName="method" Intrnl_Id="3"/>
<HierarchyLvlType EnglishName="class" IntrnlName="class" Intrnl_Id="4"/>
<HierarchyLvlType EnglishName="default package" IntrnlName="default package" Intrnl_Id="5"/>
</HierarchyLvlTypeList>
<MASTRoot>
<HierarchyLvl HierarchyLvlId="591" HierarchyLvlTypeId="5" Intrnl_Id="6" Name="default package">
<Header/>
<LocList/>
<HierarchyLvl HierarchyLvlId="590" HierarchyLvlTypeId="2" Intrnl_Id="7" Name="org">
<Header/>
<LocList/>
<HierarchyLvl HierarchyLvlId="589" HierarchyLvlTypeId="2" Intrnl_Id="8" Name="jfree">
<Header/>
<LocList/>
<HierarchyLvl HierarchyLvlId="588" HierarchyLvlTypeId="2" Intrnl_Id="9" Name="data">
<Header/>
<LocList/>
<HierarchyLvl HierarchyLvlId="587" HierarchyLvlTypeId="4" Intrnl_Id="10" Name="RangeTest">
<Header>
<Loc EndOffset="221" SrcFileId="1" StartOffset="199"/>
</Header>
<LocList>
<Loc EndOffset="6176" SrcFileId="1" StartOffset="199"/>
</LocList>
<StmntSeq Intrnl_Id="11">
<LocList>
<Loc EndOffset="304" SrcFileId="1" StartOffset="257"/>
<Loc EndOffset="354" SrcFileId="1" StartOffset="307"/>
</LocList>
<BasicStmnt CovItemId="S1" CovItemPrefix="org.jfree.data.RangeTest.java" Intrnl_Id="12">
<LocList>
<Loc EndOffset="304" SrcFileId="1" StartOffset="257"/>
</LocList>
</BasicStmnt>
<BasicStmnt CovItemId="S2" CovItemPrefix="org.jfree.data.RangeTest.java" Intrnl_Id="13">
<LocList>
<Loc EndOffset="354" SrcFileId="1" StartOffset="307"/>
</LocList>
</BasicStmnt>
</StmntSeq>
<HierarchyLvl HierarchyLvlId="557" HierarchyLvlTypeId="3" Intrnl_Id="14" Name="setUp">
<Header>
<Loc EndOffset="406" SrcFileId="1" StartOffset="360"/>
</Header>
<LocList>
<Loc EndOffset="451" SrcFileId="1" StartOffset="360"/>
</LocList>
<StmntSeq Intrnl_Id="15">
<LocList>
<Loc EndOffset="447" SrcFileId="1" StartOffset="412"/>
</LocList>
<BasicStmnt CovItemId="S3" CovItemPrefix="org.jfree.data.RangeTest.java" Intrnl_Id="16">
<LocList>
<Loc EndOffset="447" SrcFileId="1" StartOffset="412"/>
</LocList>
</BasicStmnt>
</StmntSeq>
</HierarchyLvl>
<HierarchyLvl HierarchyLvlId="558" HierarchyLvlTypeId="3" Intrnl_Id="17" Name="tearDown">
<Header>
<Loc EndOffset="504" SrcFileId="1" StartOffset="456"/>
</Header>
<LocList>
<Loc EndOffset="533" SrcFileId="1" StartOffset="456"/>
</LocList>
<StmntSeq Intrnl_Id="18">
<LocList>
<Loc EndOffset="529" SrcFileId="1" StartOffset="510"/>
</LocList>
<BasicStmnt CovItemId="S4" CovItemPrefix="org.jfree.data.RangeTest.java" Intrnl_Id="19">
<LocList>
<Loc EndOffset="529" SrcFileId="1" StartOffset="510"/>
</LocList>
</BasicStmnt>
</StmntSeq>
</HierarchyLvl>
<HierarchyLvl HierarchyLvlId="559" HierarchyLvlTypeId="3" Intrnl_Id="20" Name="getCentralValueNominalTest">
<Header>
<Loc EndOffset="623" SrcFileId="1" StartOffset="575"/>
</Header>
<LocList>
<Loc EndOffset="726" SrcFileId="1" StartOffset="575"/>
</LocList>
<StmntSeq Intrnl_Id="21">
<LocList>
<Loc EndOffset="682" SrcFileId="1" StartOffset="629"/>
<Loc EndOffset="720" SrcFileId="1" StartOffset="686"/>
</LocList>
<BasicStmnt CovItemId="S5" CovItemPrefix="org.jfree.data.RangeTest.java" Intrnl_Id="22">
<LocList>
<Loc EndOffset="682" SrcFileId="1" StartOffset="629"/>
</LocList>
</BasicStmnt>
<BasicStmnt CovItemId="S6" CovItemPrefix="org.jfree.data.RangeTest.java" Intrnl_Id="23">
<LocList>
<Loc EndOffset="720" SrcFileId="1" StartOffset="686"/>
</LocList>
</BasicStmnt>
</StmntSeq>
</HierarchyLvl>
<HierarchyLvl HierarchyLvlId="560" HierarchyLvlTypeId="3" Intrnl_Id="24" Name="getCentralValueNoRangeTest">
<Header>
<Loc EndOffset="780" SrcFileId="1" StartOffset="732"/>
</Header>
<LocList>
<Loc EndOffset="919" SrcFileId="1" StartOffset="732"/>
</LocList>
<StmntSeq Intrnl_Id="25">
<LocList>
<Loc EndOffset="817" SrcFileId="1" StartOffset="786"/>
<Loc EndOffset="874" SrcFileId="1" StartOffset="821"/>
<Loc EndOffset="913" SrcFileId="1" StartOffset="878"/>
</LocList>
<BasicStmnt CovItemId="S7" CovItemPrefix="org.jfree.data.RangeTest.java" Intrnl_Id="26">
<LocList>
<Loc EndOffset="817" SrcFileId="1" StartOffset="786"/>
</LocList>
</BasicStmnt>
<BasicStmnt CovItemId="S8" CovItemPrefix="org.jfree.data.RangeTest.java" Intrnl_Id="27">
<LocList>
<Loc EndOffset="874" SrcFileId="1" StartOffset="821"/>
</LocList>
</BasicStmnt>
<BasicStmnt CovItemId="S9" CovItemPrefix="org.jfree.data.RangeTest.java" Intrnl_Id="28">
<LocList>
<Loc EndOffset="913" SrcFileId="1" StartOffset="878"/>
</LocList>
</BasicStmnt>
</StmntSeq>
</HierarchyLvl>
<HierarchyLvl HierarchyLvlId="561" HierarchyLvlTypeId="3" Intrnl_Id="29" Name="getCentralValueMaximumTest">
<Header>
<Loc EndOffset="973" SrcFileId="1" StartOffset="925"/>
</Header>
<LocList>
<Loc EndOffset="1091" SrcFileId="1" StartOffset="925"/>
</LocList>
<StmntSeq Intrnl_Id="30">
<LocList>
<Loc EndOffset="1020" SrcFileId="1" StartOffset="979"/>
<Loc EndOffset="1087" SrcFileId="1" StartOffset="1024"/>
</LocList>
<BasicStmnt CovItemId="S10" CovItemPrefix="org.jfree.data.RangeTest.java" Intrnl_Id="31">
<LocList>
<Loc EndOffset="1020" SrcFileId="1" StartOffset="979"/>
</LocList>
</BasicStmnt>
<BasicStmnt CovItemId="S11" CovItemPrefix="org.jfree.data.RangeTest.java" Intrnl_Id="32">
<LocList>
<Loc EndOffset="1087" SrcFileId="1" StartOffset="1024"/>
</LocList>
</BasicStmnt>
</StmntSeq>
</HierarchyLvl>
<HierarchyLvl HierarchyLvlId="562" HierarchyLvlTypeId="3" Intrnl_Id="33" Name="getCentralValueMinimumTest">
<Header>
<Loc EndOffset="1145" SrcFileId="1" StartOffset="1097"/>
</Header>
<LocList>
<Loc EndOffset="1263" SrcFileId="1" StartOffset="1097"/>
</LocList>
<StmntSeq Intrnl_Id="34">
<LocList>
<Loc EndOffset="1192" SrcFileId="1" StartOffset="1151"/>
<Loc EndOffset="1259" SrcFileId="1" StartOffset="1196"/>
</LocList>
<BasicStmnt CovItemId="S12" CovItemPrefix="org.jfree.data.RangeTest.java" Intrnl_Id="35">
<LocList>
<Loc EndOffset="1192" SrcFileId="1" StartOffset="1151"/>
</LocList>
</BasicStmnt>
<BasicStmnt CovItemId="S13" CovItemPrefix="org.jfree.data.RangeTest.java" Intrnl_Id="36">
<LocList>
<Loc EndOffset="1259" SrcFileId="1" StartOffset="1196"/>
</LocList>
</BasicStmnt>
</StmntSeq>
</HierarchyLvl>
<HierarchyLvl HierarchyLvlId="563" HierarchyLvlTypeId="3" Intrnl_Id="37" Name="getCentralValueMaximumRangeTest">
<Header>
<Loc EndOffset="1322" SrcFileId="1" StartOffset="1269"/>
</Header>
<LocList>
<Loc EndOffset="1507" SrcFileId="1" StartOffset="1269"/>
</LocList>
<StmntSeq Intrnl_Id="38">
<LocList>
<Loc EndOffset="1383" SrcFileId="1" StartOffset="1328"/>
<Loc EndOffset="1439" SrcFileId="1" StartOffset="1387"/>
<Loc EndOffset="1503" SrcFileId="1" StartOffset="1443"/>
</LocList>
<BasicStmnt CovItemId="S14" CovItemPrefix="org.jfree.data.RangeTest.java" Intrnl_Id="39">
<LocList>
<Loc EndOffset="1383" SrcFileId="1" StartOffset="1328"/>
</LocList>
</BasicStmnt>
<BasicStmnt CovItemId="S15" CovItemPrefix="org.jfree.data.RangeTest.java" Intrnl_Id="40">
<LocList>
<Loc EndOffset="1439" SrcFileId="1" StartOffset="1387"/>
</LocList>
</BasicStmnt>
<BasicStmnt CovItemId="S16" CovItemPrefix="org.jfree.data.RangeTest.java" Intrnl_Id="41">
<LocList>
<Loc EndOffset="1503" SrcFileId="1" StartOffset="1443"/>
</LocList>
</BasicStmnt>
</StmntSeq>
</HierarchyLvl>
<HierarchyLvl HierarchyLvlId="564" HierarchyLvlTypeId="3" Intrnl_Id="42" Name="ContainsNominalTest">
<Header>
<Loc EndOffset="1584" SrcFileId="1" StartOffset="1543"/>
</Header>
<LocList>
<Loc EndOffset="1675" SrcFileId="1" StartOffset="1543"/>
</LocList>
<StmntSeq Intrnl_Id="43">
<LocList>
<Loc EndOffset="1635" SrcFileId="1" StartOffset="1589"/>
<Loc EndOffset="1671" SrcFileId="1" StartOffset="1639"/>
</LocList>
<BasicStmnt CovItemId="S17" CovItemPrefix="org.jfree.data.RangeTest.java" Intrnl_Id="44">
<LocList>
<Loc EndOffset="1635" SrcFileId="1" StartOffset="1589"/>
</LocList>
</BasicStmnt>
<BasicStmnt CovItemId="S18" CovItemPrefix="org.jfree.data.RangeTest.java" Intrnl_Id="45">
<LocList>
<Loc EndOffset="1671" SrcFileId="1" StartOffset="1639"/>
</LocList>
</BasicStmnt>
</StmntSeq>
</HierarchyLvl>
<HierarchyLvl HierarchyLvlId="565" HierarchyLvlTypeId="3" Intrnl_Id="46" Name="DoesNotContainNominalTest">
<Header>
<Loc EndOffset="1728" SrcFileId="1" StartOffset="1681"/>
</Header>
<LocList>
<Loc EndOffset="1822" SrcFileId="1" StartOffset="1681"/>
</LocList>
<StmntSeq Intrnl_Id="47">
<LocList>
<Loc EndOffset="1781" SrcFileId="1" StartOffset="1733"/>
<Loc EndOffset="1818" SrcFileId="1" StartOffset="1785"/>
</LocList>
<BasicStmnt CovItemId="S19" CovItemPrefix="org.jfree.data.RangeTest.java" Intrnl_Id="48">
<LocList>
<Loc EndOffset="1781" SrcFileId="1" StartOffset="1733"/>
</LocList>
</BasicStmnt>
<BasicStmnt CovItemId="S20" CovItemPrefix="org.jfree.data.RangeTest.java" Intrnl_Id="49">
<LocList>
<Loc EndOffset="1818" SrcFileId="1" StartOffset="1785"/>
</LocList>
</BasicStmnt>
</StmntSeq>
</HierarchyLvl>
<HierarchyLvl HierarchyLvlId="566" HierarchyLvlTypeId="3" Intrnl_Id="50" Name="ContainsMaximumTest">
<Header>
<Loc EndOffset="1869" SrcFileId="1" StartOffset="1828"/>
</Header>
<LocList>
<Loc EndOffset="1978" SrcFileId="1" StartOffset="1828"/>
</LocList>
<StmntSeq Intrnl_Id="51">
<LocList>
<Loc EndOffset="1915" SrcFileId="1" StartOffset="1874"/>
<Loc EndOffset="1974" SrcFileId="1" StartOffset="1919"/>
</LocList>
<BasicStmnt CovItemId="S21" CovItemPrefix="org.jfree.data.RangeTest.java" Intrnl_Id="52">
<LocList>
<Loc EndOffset="1915" SrcFileId="1" StartOffset="1874"/>
</LocList>
</BasicStmnt>
<BasicStmnt CovItemId="S22" CovItemPrefix="org.jfree.data.RangeTest.java" Intrnl_Id="53">
<LocList>
<Loc EndOffset="1974" SrcFileId="1" StartOffset="1919"/>
</LocList>
</BasicStmnt>
</StmntSeq>
</HierarchyLvl>
<HierarchyLvl HierarchyLvlId="567" HierarchyLvlTypeId="3" Intrnl_Id="54" Name="DoesNotContainMaximumTest">
<Header>
<Loc EndOffset="2031" SrcFileId="1" StartOffset="1984"/>
</Header>
<LocList>
<Loc EndOffset="2131" SrcFileId="1" StartOffset="1984"/>
</LocList>
<StmntSeq Intrnl_Id="55">
<LocList>
<Loc EndOffset="2077" SrcFileId="1" StartOffset="2036"/>
<Loc EndOffset="2127" SrcFileId="1" StartOffset="2081"/>
</LocList>
<BasicStmnt CovItemId="S23" CovItemPrefix="org.jfree.data.RangeTest.java" Intrnl_Id="56">
<LocList>
<Loc EndOffset="2077" SrcFileId="1" StartOffset="2036"/>
</LocList>
</BasicStmnt>
<BasicStmnt CovItemId="S24" CovItemPrefix="org.jfree.data.RangeTest.java" Intrnl_Id="57">
<LocList>
<Loc EndOffset="2127" SrcFileId="1" StartOffset="2081"/>
</LocList>
</BasicStmnt>
</StmntSeq>
</HierarchyLvl>
<HierarchyLvl HierarchyLvlId="568" HierarchyLvlTypeId="3" Intrnl_Id="58" Name="ContainsMinimumTest">
<Header>
<Loc EndOffset="2178" SrcFileId="1" StartOffset="2137"/>
</Header>
<LocList>
<Loc EndOffset="2287" SrcFileId="1" StartOffset="2137"/>
</LocList>
<StmntSeq Intrnl_Id="59">
<LocList>
<Loc EndOffset="2224" SrcFileId="1" StartOffset="2183"/>
<Loc EndOffset="2283" SrcFileId="1" StartOffset="2228"/>
</LocList>
<BasicStmnt CovItemId="S25" CovItemPrefix="org.jfree.data.RangeTest.java" Intrnl_Id="60">
<LocList>
<Loc EndOffset="2224" SrcFileId="1" StartOffset="2183"/>
</LocList>
</BasicStmnt>
<BasicStmnt CovItemId="S26" CovItemPrefix="org.jfree.data.RangeTest.java" Intrnl_Id="61">
<LocList>
<Loc EndOffset="2283" SrcFileId="1" StartOffset="2228"/>
</LocList>
</BasicStmnt>
</StmntSeq>
</HierarchyLvl>
<HierarchyLvl HierarchyLvlId="569" HierarchyLvlTypeId="3" Intrnl_Id="62" Name="DoesNotContainMinimumTest">
<Header>
<Loc EndOffset="2340" SrcFileId="1" StartOffset="2293"/>
</Header>
<LocList>
<Loc EndOffset="2439" SrcFileId="1" StartOffset="2293"/>
</LocList>
<StmntSeq Intrnl_Id="63">
<LocList>
<Loc EndOffset="2386" SrcFileId="1" StartOffset="2345"/>
<Loc EndOffset="2435" SrcFileId="1" StartOffset="2390"/>
</LocList>
<BasicStmnt CovItemId="S27" CovItemPrefix="org.jfree.data.RangeTest.java" Intrnl_Id="64">
<LocList>
<Loc EndOffset="2386" SrcFileId="1" StartOffset="2345"/>
</LocList>
</BasicStmnt>
<BasicStmnt CovItemId="S28" CovItemPrefix="org.jfree.data.RangeTest.java" Intrnl_Id="65">
<LocList>
<Loc EndOffset="2435" SrcFileId="1" StartOffset="2390"/>
</LocList>
</BasicStmnt>
</StmntSeq>
</HierarchyLvl>
<HierarchyLvl HierarchyLvlId="570" HierarchyLvlTypeId="3" Intrnl_Id="66" Name="EqualsNominalTest">
<Header>
<Loc EndOffset="2511" SrcFileId="1" StartOffset="2472"/>
</Header>
<LocList>
<Loc EndOffset="2623" SrcFileId="1" StartOffset="2472"/>
</LocList>
<StmntSeq Intrnl_Id="67">
<LocList>
<Loc EndOffset="2560" SrcFileId="1" StartOffset="2516"/>
<Loc EndOffset="2619" SrcFileId="1" StartOffset="2564"/>
</LocList>
<BasicStmnt CovItemId="S29" CovItemPrefix="org.jfree.data.RangeTest.java" Intrnl_Id="68">
<LocList>
<Loc EndOffset="2560" SrcFileId="1" StartOffset="2516"/>
</LocList>
</BasicStmnt>
<BasicStmnt CovItemId="S30" CovItemPrefix="org.jfree.data.RangeTest.java" Intrnl_Id="69">
<LocList>
<Loc EndOffset="2619" SrcFileId="1" StartOffset="2564"/>
</LocList>
</BasicStmnt>
</StmntSeq>
</HierarchyLvl>
<HierarchyLvl HierarchyLvlId="571" HierarchyLvlTypeId="3" Intrnl_Id="70" Name="DoesNotEqualNominalTestLower">
<Header>
<Loc EndOffset="2679" SrcFileId="1" StartOffset="2629"/>
</Header>
<LocList>
<Loc EndOffset="2792" SrcFileId="1" StartOffset="2629"/>
</LocList>
<StmntSeq Intrnl_Id="71">
<LocList>
<Loc EndOffset="2728" SrcFileId="1" StartOffset="2684"/>
<Loc EndOffset="2788" SrcFileId="1" StartOffset="2732"/>
</LocList>
<BasicStmnt CovItemId="S31" CovItemPrefix="org.jfree.data.RangeTest.java" Intrnl_Id="72">
<LocList>
<Loc EndOffset="2728" SrcFileId="1" StartOffset="2684"/>
</LocList>
</BasicStmnt>
<BasicStmnt CovItemId="S32" CovItemPrefix="org.jfree.data.RangeTest.java" Intrnl_Id="73">
<LocList>
<Loc EndOffset="2788" SrcFileId="1" StartOffset="2732"/>
</LocList>
</BasicStmnt>
</StmntSeq>
</HierarchyLvl>
<HierarchyLvl HierarchyLvlId="572" HierarchyLvlTypeId="3" Intrnl_Id="74" Name="DoesNotEqualNominalTestUpper">
<Header>
<Loc EndOffset="2848" SrcFileId="1" StartOffset="2798"/>
</Header>
<LocList>
<Loc EndOffset="2961" SrcFileId="1" StartOffset="2798"/>
</LocList>
<StmntSeq Intrnl_Id="75">
<LocList>
<Loc EndOffset="2897" SrcFileId="1" StartOffset="2853"/>
<Loc EndOffset="2957" SrcFileId="1" StartOffset="2901"/>
</LocList>
<BasicStmnt CovItemId="S33" CovItemPrefix="org.jfree.data.RangeTest.java" Intrnl_Id="76">
<LocList>
<Loc EndOffset="2897" SrcFileId="1" StartOffset="2853"/>
</LocList>
</BasicStmnt>
<BasicStmnt CovItemId="S34" CovItemPrefix="org.jfree.data.RangeTest.java" Intrnl_Id="77">
<LocList>
<Loc EndOffset="2957" SrcFileId="1" StartOffset="2901"/>
</LocList>
</BasicStmnt>
</StmntSeq>
</HierarchyLvl>
<HierarchyLvl HierarchyLvlId="573" HierarchyLvlTypeId="3" Intrnl_Id="78" Name="EqualsMaximumTest">
<Header>
<Loc EndOffset="3006" SrcFileId="1" StartOffset="2967"/>
</Header>
<LocList>
<Loc EndOffset="3191" SrcFileId="1" StartOffset="2967"/>
</LocList>
<StmntSeq Intrnl_Id="79">
<LocList>
<Loc EndOffset="3063" SrcFileId="1" StartOffset="3011"/>
<Loc EndOffset="3128" SrcFileId="1" StartOffset="3067"/>
<Loc EndOffset="3187" SrcFileId="1" StartOffset="3132"/>
</LocList>
<BasicStmnt CovItemId="S35" CovItemPrefix="org.jfree.data.RangeTest.java" Intrnl_Id="80">
<LocList>
<Loc EndOffset="3063" SrcFileId="1" StartOffset="3011"/>
</LocList>
</BasicStmnt>
<BasicStmnt CovItemId="S36" CovItemPrefix="org.jfree.data.RangeTest.java" Intrnl_Id="81">
<LocList>
<Loc EndOffset="3128" SrcFileId="1" StartOffset="3067"/>
</LocList>
</BasicStmnt>
<BasicStmnt CovItemId="S37" CovItemPrefix="org.jfree.data.RangeTest.java" Intrnl_Id="82">
<LocList>
<Loc EndOffset="3187" SrcFileId="1" StartOffset="3132"/>
</LocList>
</BasicStmnt>
</StmntSeq>
</HierarchyLvl>
<HierarchyLvl HierarchyLvlId="574" HierarchyLvlTypeId="3" Intrnl_Id="83" Name="DoesNotEqualMaximumTest">
<Header>
<Loc EndOffset="3242" SrcFileId="1" StartOffset="3197"/>
</Header>
<LocList>
<Loc EndOffset="3372" SrcFileId="1" StartOffset="3197"/>
</LocList>
<StmntSeq Intrnl_Id="84">
<LocList>
<Loc EndOffset="3308" SrcFileId="1" StartOffset="3247"/>
<Loc EndOffset="3368" SrcFileId="1" StartOffset="3312"/>
</LocList>
<BasicStmnt CovItemId="S38" CovItemPrefix="org.jfree.data.RangeTest.java" Intrnl_Id="85">
<LocList>
<Loc EndOffset="3308" SrcFileId="1" StartOffset="3247"/>
</LocList>
</BasicStmnt>
<BasicStmnt CovItemId="S39" CovItemPrefix="org.jfree.data.RangeTest.java" Intrnl_Id="86">
<LocList>
<Loc EndOffset="3368" SrcFileId="1" StartOffset="3312"/>
</LocList>
</BasicStmnt>
</StmntSeq>
</HierarchyLvl>
<HierarchyLvl HierarchyLvlId="575" HierarchyLvlTypeId="3" Intrnl_Id="87" Name="EqualsMinimumTest">
<Header>
<Loc EndOffset="3417" SrcFileId="1" StartOffset="3378"/>
</Header>
<LocList>
<Loc EndOffset="3558" SrcFileId="1" StartOffset="3378"/>
</LocList>
<StmntSeq Intrnl_Id="88">
<LocList>
<Loc EndOffset="3452" SrcFileId="1" StartOffset="3422"/>
<Loc EndOffset="3495" SrcFileId="1" StartOffset="3456"/>
<Loc EndOffset="3554" SrcFileId="1" StartOffset="3499"/>
</LocList>
<BasicStmnt CovItemId="S40" CovItemPrefix="org.jfree.data.RangeTest.java" Intrnl_Id="89">
<LocList>
<Loc EndOffset="3452" SrcFileId="1" StartOffset="3422"/>
</LocList>
</BasicStmnt>
<BasicStmnt CovItemId="S41" CovItemPrefix="org.jfree.data.RangeTest.java" Intrnl_Id="90">
<LocList>
<Loc EndOffset="3495" SrcFileId="1" StartOffset="3456"/>
</LocList>
</BasicStmnt>
<BasicStmnt CovItemId="S42" CovItemPrefix="org.jfree.data.RangeTest.java" Intrnl_Id="91">
<LocList>
<Loc EndOffset="3554" SrcFileId="1" StartOffset="3499"/>
</LocList>
</BasicStmnt>
</StmntSeq>
</HierarchyLvl>
<HierarchyLvl HierarchyLvlId="576" HierarchyLvlTypeId="3" Intrnl_Id="92" Name="IntersectsNominalTrueTest">
<Header>
<Loc EndOffset="3643" SrcFileId="1" StartOffset="3596"/>
</Header>
<LocList>
<Loc EndOffset="3706" SrcFileId="1" StartOffset="3596"/>
</LocList>
<StmntSeq Intrnl_Id="93">
<LocList>
<Loc EndOffset="3702" SrcFileId="1" StartOffset="3648"/>
</LocList>
<BasicStmnt CovItemId="S43" CovItemPrefix="org.jfree.data.RangeTest.java" Intrnl_Id="94">
<LocList>
<Loc EndOffset="3702" SrcFileId="1" StartOffset="3648"/>
</LocList>
</BasicStmnt>
</StmntSeq>
</HierarchyLvl>
<HierarchyLvl HierarchyLvlId="577" HierarchyLvlTypeId="3" Intrnl_Id="95" Name="IntersectsBottomTest">
<Header>
<Loc EndOffset="3754" SrcFileId="1" StartOffset="3712"/>
</Header>
<LocList>
<Loc EndOffset="3815" SrcFileId="1" StartOffset="3712"/>
</LocList>
<StmntSeq Intrnl_Id="96">
<LocList>
<Loc EndOffset="3811" SrcFileId="1" StartOffset="3759"/>
</LocList>
<BasicStmnt CovItemId="S44" CovItemPrefix="org.jfree.data.RangeTest.java" Intrnl_Id="97">
<LocList>
<Loc EndOffset="3811" SrcFileId="1" StartOffset="3759"/>
</LocList>
</BasicStmnt>
</StmntSeq>
</HierarchyLvl>
<HierarchyLvl HierarchyLvlId="578" HierarchyLvlTypeId="3" Intrnl_Id="98" Name="IntersectsTopTest">
<Header>
<Loc EndOffset="3860" SrcFileId="1" StartOffset="3821"/>
</Header>
<LocList>
<Loc EndOffset="3919" SrcFileId="1" StartOffset="3821"/>
</LocList>
<StmntSeq Intrnl_Id="99">
<LocList>
<Loc EndOffset="3915" SrcFileId="1" StartOffset="3865"/>
</LocList>
<BasicStmnt CovItemId="S45" CovItemPrefix="org.jfree.data.RangeTest.java" Intrnl_Id="100">
<LocList>
<Loc EndOffset="3915" SrcFileId="1" StartOffset="3865"/>
</LocList>
</BasicStmnt>
</StmntSeq>
</HierarchyLvl>
<HierarchyLvl HierarchyLvlId="579" HierarchyLvlTypeId="3" Intrnl_Id="101" Name="IntersectsMinimumRangeTest">
<Header>
<Loc EndOffset="3973" SrcFileId="1" StartOffset="3925"/>
</Header>
<LocList>
<Loc EndOffset="4065" SrcFileId="1" StartOffset="3925"/>
</LocList>
<StmntSeq Intrnl_Id="102">
<LocList>
<Loc EndOffset="4007" SrcFileId="1" StartOffset="3978"/>
<Loc EndOffset="4061" SrcFileId="1" StartOffset="4012"/>
</LocList>
<BasicStmnt CovItemId="S46" CovItemPrefix="org.jfree.data.RangeTest.java" Intrnl_Id="103">
<LocList>
<Loc EndOffset="4007" SrcFileId="1" StartOffset="3978"/>
</LocList>
</BasicStmnt>
<BasicStmnt CovItemId="S47" CovItemPrefix="org.jfree.data.RangeTest.java" Intrnl_Id="104">
<LocList>
<Loc EndOffset="4061" SrcFileId="1" StartOffset="4012"/>
</LocList>
</BasicStmnt>
</StmntSeq>
</HierarchyLvl>
<HierarchyLvl HierarchyLvlId="580" HierarchyLvlTypeId="3" Intrnl_Id="105" Name="IntersectsMaximumRangeTest">
<Header>
<Loc EndOffset="4119" SrcFileId="1" StartOffset="4071"/>
</Header>
<LocList>
<Loc EndOffset="4261" SrcFileId="1" StartOffset="4071"/>
</LocList>
<StmntSeq Intrnl_Id="106">
<LocList>
<Loc EndOffset="4182" SrcFileId="1" StartOffset="4124"/>
<Loc EndOffset="4257" SrcFileId="1" StartOffset="4186"/>
</LocList>
<BasicStmnt CovItemId="S48" CovItemPrefix="org.jfree.data.RangeTest.java" Intrnl_Id="107">
<LocList>
<Loc EndOffset="4182" SrcFileId="1" StartOffset="4124"/>
</LocList>
</BasicStmnt>
<BasicStmnt CovItemId="S49" CovItemPrefix="org.jfree.data.RangeTest.java" Intrnl_Id="108">
<LocList>
<Loc EndOffset="4257" SrcFileId="1" StartOffset="4186"/>
</LocList>
</BasicStmnt>
</StmntSeq>
</HierarchyLvl>
<HierarchyLvl HierarchyLvlId="581" HierarchyLvlTypeId="3" Intrnl_Id="109" Name="ShiftNominalTest">
<Header>
<Loc EndOffset="4332" SrcFileId="1" StartOffset="4294"/>
</Header>
<LocList>
<Loc EndOffset="4552" SrcFileId="1" StartOffset="4294"/>
</LocList>
<StmntSeq Intrnl_Id="110">
<LocList>
<Loc EndOffset="4359" SrcFileId="1" StartOffset="4337"/>
<Loc EndOffset="4406" SrcFileId="1" StartOffset="4363"/>
<Loc EndOffset="4478" SrcFileId="1" StartOffset="4414"/>
<Loc EndOffset="4548" SrcFileId="1" StartOffset="4486"/>
</LocList>
<BasicStmnt CovItemId="S50" CovItemPrefix="org.jfree.data.RangeTest.java" Intrnl_Id="111">
<LocList>
<Loc EndOffset="4359" SrcFileId="1" StartOffset="4337"/>
</LocList>
</BasicStmnt>
<BasicStmnt CovItemId="S51" CovItemPrefix="org.jfree.data.RangeTest.java" Intrnl_Id="112">
<LocList>
<Loc EndOffset="4406" SrcFileId="1" StartOffset="4363"/>
</LocList>
</BasicStmnt>
<BasicStmnt CovItemId="S52" CovItemPrefix="org.jfree.data.RangeTest.java" Intrnl_Id="113">
<LocList>
<Loc EndOffset="4478" SrcFileId="1" StartOffset="4414"/>
</LocList>
</BasicStmnt>
<BasicStmnt CovItemId="S53" CovItemPrefix="org.jfree.data.RangeTest.java" Intrnl_Id="114">
<LocList>
<Loc EndOffset="4548" SrcFileId="1" StartOffset="4486"/>
</LocList>
</BasicStmnt>
</StmntSeq>
</HierarchyLvl>
<HierarchyLvl HierarchyLvlId="582" HierarchyLvlTypeId="3" Intrnl_Id="115" Name="ShiftMinimumShiftTest">
<Header>
<Loc EndOffset="4601" SrcFileId="1" StartOffset="4558"/>
</Header>
<LocList>
<Loc EndOffset="4850" SrcFileId="1" StartOffset="4558"/>
</LocList>
<StmntSeq Intrnl_Id="116">
<LocList>
<Loc EndOffset="4628" SrcFileId="1" StartOffset="4606"/>
<Loc EndOffset="4661" SrcFileId="1" StartOffset="4632"/>
<Loc EndOffset="4704" SrcFileId="1" StartOffset="4665"/>
<Loc EndOffset="4776" SrcFileId="1" StartOffset="4712"/>
<Loc EndOffset="4846" SrcFileId="1" StartOffset="4784"/>
</LocList>
<BasicStmnt CovItemId="S54" CovItemPrefix="org.jfree.data.RangeTest.java" Intrnl_Id="117">
<LocList>
<Loc EndOffset="4628" SrcFileId="1" StartOffset="4606"/>
</LocList>
</BasicStmnt>
<BasicStmnt CovItemId="S55" CovItemPrefix="org.jfree.data.RangeTest.java" Intrnl_Id="118">
<LocList>
<Loc EndOffset="4661" SrcFileId="1" StartOffset="4632"/>
</LocList>
</BasicStmnt>
<BasicStmnt CovItemId="S56" CovItemPrefix="org.jfree.data.RangeTest.java" Intrnl_Id="119">
<LocList>
<Loc EndOffset="4704" SrcFileId="1" StartOffset="4665"/>
</LocList>
</BasicStmnt>
<BasicStmnt CovItemId="S57" CovItemPrefix="org.jfree.data.RangeTest.java" Intrnl_Id="120">
<LocList>
<Loc EndOffset="4776" SrcFileId="1" StartOffset="4712"/>
</LocList>
</BasicStmnt>
<BasicStmnt CovItemId="S58" CovItemPrefix="org.jfree.data.RangeTest.java" Intrnl_Id="121">
<LocList>
<Loc EndOffset="4846" SrcFileId="1" StartOffset="4784"/>
</LocList>
</BasicStmnt>
</StmntSeq>
</HierarchyLvl>
<HierarchyLvl HierarchyLvlId="583" HierarchyLvlTypeId="3" Intrnl_Id="122" Name="ShiftMaximumShiftTest">
<Header>
<Loc EndOffset="4902" SrcFileId="1" StartOffset="4859"/>
</Header>
<LocList>
<Loc EndOffset="5188" SrcFileId="1" StartOffset="4859"/>
</LocList>
<StmntSeq Intrnl_Id="123">
<LocList>
<Loc EndOffset="4940" SrcFileId="1" StartOffset="4907"/>
<Loc EndOffset="4977" SrcFileId="1" StartOffset="4948"/>
<Loc EndOffset="5042" SrcFileId="1" StartOffset="4981"/>
<Loc EndOffset="5114" SrcFileId="1" StartOffset="5050"/>
<Loc EndOffset="5184" SrcFileId="1" StartOffset="5122"/>
</LocList>
<BasicStmnt CovItemId="S59" CovItemPrefix="org.jfree.data.RangeTest.java" Intrnl_Id="124">
<LocList>
<Loc EndOffset="4940" SrcFileId="1" StartOffset="4907"/>
</LocList>
</BasicStmnt>
<BasicStmnt CovItemId="S60" CovItemPrefix="org.jfree.data.RangeTest.java" Intrnl_Id="125">
<LocList>
<Loc EndOffset="4977" SrcFileId="1" StartOffset="4948"/>
</LocList>
</BasicStmnt>
<BasicStmnt CovItemId="S61" CovItemPrefix="org.jfree.data.RangeTest.java" Intrnl_Id="126">
<LocList>
<Loc EndOffset="5042" SrcFileId="1" StartOffset="4981"/>
</LocList>
</BasicStmnt>
<BasicStmnt CovItemId="S62" CovItemPrefix="org.jfree.data.RangeTest.java" Intrnl_Id="127">
<LocList>
<Loc EndOffset="5114" SrcFileId="1" StartOffset="5050"/>
</LocList>
</BasicStmnt>
<BasicStmnt CovItemId="S63" CovItemPrefix="org.jfree.data.RangeTest.java" Intrnl_Id="128">
<LocList>
<Loc EndOffset="5184" SrcFileId="1" StartOffset="5122"/>
</LocList>
</BasicStmnt>
</StmntSeq>
</HierarchyLvl>
<HierarchyLvl HierarchyLvlId="584" HierarchyLvlTypeId="3" Intrnl_Id="129" Name="ShiftNearMaximumShiftTest">
<Header>
<Loc EndOffset="5241" SrcFileId="1" StartOffset="5194"/>
</Header>
<LocList>
<Loc EndOffset="5534" SrcFileId="1" StartOffset="5194"/>
</LocList>
<StmntSeq Intrnl_Id="130">
<LocList>
<Loc EndOffset="5282" SrcFileId="1" StartOffset="5246"/>
<Loc EndOffset="5319" SrcFileId="1" StartOffset="5290"/>
<Loc EndOffset="5388" SrcFileId="1" StartOffset="5323"/>
<Loc EndOffset="5460" SrcFileId="1" StartOffset="5396"/>
<Loc EndOffset="5530" SrcFileId="1" StartOffset="5468"/>
</LocList>
<BasicStmnt CovItemId="S64" CovItemPrefix="org.jfree.data.RangeTest.java" Intrnl_Id="131">
<LocList>
<Loc EndOffset="5282" SrcFileId="1" StartOffset="5246"/>
</LocList>
</BasicStmnt>
<BasicStmnt CovItemId="S65" CovItemPrefix="org.jfree.data.RangeTest.java" Intrnl_Id="132">
<LocList>
<Loc EndOffset="5319" SrcFileId="1" StartOffset="5290"/>
</LocList>
</BasicStmnt>
<BasicStmnt CovItemId="S66" CovItemPrefix="org.jfree.data.RangeTest.java" Intrnl_Id="133">
<LocList>
<Loc EndOffset="5388" SrcFileId="1" StartOffset="5323"/>
</LocList>
</BasicStmnt>
<BasicStmnt CovItemId="S67" CovItemPrefix="org.jfree.data.RangeTest.java" Intrnl_Id="134">
<LocList>
<Loc EndOffset="5460" SrcFileId="1" StartOffset="5396"/>
</LocList>
</BasicStmnt>
<BasicStmnt CovItemId="S68" CovItemPrefix="org.jfree.data.RangeTest.java" Intrnl_Id="135">
<LocList>
<Loc EndOffset="5530" SrcFileId="1" StartOffset="5468"/>
</LocList>
</BasicStmnt>
</StmntSeq>
</HierarchyLvl>
<HierarchyLvl HierarchyLvlId="585" HierarchyLvlTypeId="3" Intrnl_Id="136" Name="ShiftNegativeShiftTest">
<Header>
<Loc EndOffset="5584" SrcFileId="1" StartOffset="5540"/>
</Header>
<LocList>
<Loc EndOffset="5848" SrcFileId="1" StartOffset="5540"/>
</LocList>
<StmntSeq Intrnl_Id="137">
<LocList>
<Loc EndOffset="5612" SrcFileId="1" StartOffset="5589"/>
<Loc EndOffset="5655" SrcFileId="1" StartOffset="5620"/>
<Loc EndOffset="5702" SrcFileId="1" StartOffset="5659"/>
<Loc EndOffset="5774" SrcFileId="1" StartOffset="5710"/>
<Loc EndOffset="5844" SrcFileId="1" StartOffset="5782"/>
</LocList>
<BasicStmnt CovItemId="S69" CovItemPrefix="org.jfree.data.RangeTest.java" Intrnl_Id="138">
<LocList>
<Loc EndOffset="5612" SrcFileId="1" StartOffset="5589"/>
</LocList>
</BasicStmnt>
<BasicStmnt CovItemId="S70" CovItemPrefix="org.jfree.data.RangeTest.java" Intrnl_Id="139">
<LocList>
<Loc EndOffset="5655" SrcFileId="1" StartOffset="5620"/>
</LocList>
</BasicStmnt>
<BasicStmnt CovItemId="S71" CovItemPrefix="org.jfree.data.RangeTest.java" Intrnl_Id="140">
<LocList>
<Loc EndOffset="5702" SrcFileId="1" StartOffset="5659"/>
</LocList>
</BasicStmnt>
<BasicStmnt CovItemId="S72" CovItemPrefix="org.jfree.data.RangeTest.java" Intrnl_Id="141">
<LocList>
<Loc EndOffset="5774" SrcFileId="1" StartOffset="5710"/>
</LocList>
</BasicStmnt>
<BasicStmnt CovItemId="S73" CovItemPrefix="org.jfree.data.RangeTest.java" Intrnl_Id="142">
<LocList>
<Loc EndOffset="5844" SrcFileId="1" StartOffset="5782"/>
</LocList>
</BasicStmnt>
</StmntSeq>
</HierarchyLvl>
<HierarchyLvl HierarchyLvlId="586" HierarchyLvlTypeId="3" Intrnl_Id="143" Name="ExpandRangeTest">
<Header>
<Loc EndOffset="5891" SrcFileId="1" StartOffset="5854"/>
</Header>
<LocList>
<Loc EndOffset="6173" SrcFileId="1" StartOffset="5854"/>
</LocList>
<StmntSeq Intrnl_Id="144">
<LocList>
<Loc EndOffset="5919" SrcFileId="1" StartOffset="5896"/>
<Loc EndOffset="5962" SrcFileId="1" StartOffset="5927"/>
<Loc EndOffset="6010" SrcFileId="1" StartOffset="5966"/>
<Loc EndOffset="6098" SrcFileId="1" StartOffset="6018"/>
<Loc EndOffset="6169" SrcFileId="1" StartOffset="6106"/>
</LocList>
<BasicStmnt CovItemId="S74" CovItemPrefix="org.jfree.data.RangeTest.java" Intrnl_Id="145">
<LocList>
<Loc EndOffset="5919" SrcFileId="1" StartOffset="5896"/>
</LocList>
</BasicStmnt>
<BasicStmnt CovItemId="S75" CovItemPrefix="org.jfree.data.RangeTest.java" Intrnl_Id="146">
<LocList>
<Loc EndOffset="5962" SrcFileId="1" StartOffset="5927"/>
</LocList>
</BasicStmnt>
<BasicStmnt CovItemId="S76" CovItemPrefix="org.jfree.data.RangeTest.java" Intrnl_Id="147">
<LocList>
<Loc EndOffset="6010" SrcFileId="1" StartOffset="5966"/>
</LocList>
</BasicStmnt>
<BasicStmnt CovItemId="S77" CovItemPrefix="org.jfree.data.RangeTest.java" Intrnl_Id="148">
<LocList>
<Loc EndOffset="6098" SrcFileId="1" StartOffset="6018"/>
</LocList>
</BasicStmnt>
<BasicStmnt CovItemId="S78" CovItemPrefix="org.jfree.data.RangeTest.java" Intrnl_Id="149">
<LocList>
<Loc EndOffset="6169" SrcFileId="1" StartOffset="6106"/>
</LocList>
</BasicStmnt>
</StmntSeq>
</HierarchyLvl>
</HierarchyLvl>
</HierarchyLvl>
</HierarchyLvl>
</HierarchyLvl>
</HierarchyLvl>
</MASTRoot>
</TestSessionContainer>
